0|FAM|Y|@F1@
1|HUSB|Y|Matthew Collins
1|WIFE|Y|Sarah Stapleton
1|CHIL|Y|Lee Collins
2|AGE|Y|18
1|CHIL|Y|Richard Collins
2|AGE|Y|10
1|CHIL|Y|Lonnie Collins
2|AGE|Y|12
1|CHIL|Y|Dolores Collins
2|AGE|Y|14
1|INCOME|Y|36700
0|FAM|Y|@F2@
1|HUSB|Y|Carlton Griffith
1|WIFE|Y|Joyce Langner
1|CHIL|Y|James Griffith
2|AGE|Y|15
1|CHIL|Y|Sarah Griffith
2|AGE|Y|14
1|CHIL|Y|Donald Griffith
2|AGE|Y|12
1|CHIL|Y|Benjamin Griffith
2|AGE|Y|4
1|INCOME|Y|63400
0|FAM|Y|@F3@
1|HUSB|Y|Craig Herman
1|WIFE|Y|Mabel Bradshaw
1|CHIL|Y|Fredrick Herman
2|AGE|Y|1
1|CHIL|Y|Gerald Herman
2|AGE|Y|25
1|CHIL|Y|Diane Herman
2|AGE|Y|9
1|CHIL|Y|Nicole Herman
2|AGE|Y|15
1|INCOME|Y|64400
0|FAM|Y|@F4@
1|HUSB|Y|Lee Ramos
1|WIFE|Y|Celia Coleman
1|CHIL|Y|Jane Ramos
2|AGE|Y|19
1|CHIL|Y|Robert Ramos
2|AGE|Y|21
1|CHIL|Y|Gregory Ramos
2|AGE|Y|25
1|CHIL|Y|Margaret Ramos
2|AGE|Y|4
1|CHIL|Y|Donald Ramos
2|AGE|Y|25
1|INCOME|Y|25100
0|FAM|Y|@F5@
1|HUSB|Y|George Bueter
1|WIFE|Y|Marylou Meyer
1|CHIL|Y|Jennifer Bueter
2|AGE|Y|23
1|INCOME|Y|27700
0|FAM|Y|@F6@
1|HUSB|Y|Dale Taylor
1|WIFE|Y|Jill Thompson
1|CHIL|Y|Christian Taylor
2|AGE|Y|19
1|INCOME|Y|64100
0|FAM|Y|@F7@
1|HUSB|Y|Edward Mckinnon
1|WIFE|Y|Janet Moore
1|CHIL|Y|Michael Mckinnon
2|AGE|Y|24
1|CHIL|Y|Allen Mckinnon
2|AGE|Y|7
1|CHIL|Y|George Mckinnon
2|AGE|Y|9
1|CHIL|Y|Richard Mckinnon
2|AGE|Y|10
1|INCOME|Y|34100
0|FAM|Y|@F8@
1|HUSB|Y|James Frazier
1|WIFE|Y|Terese Barnett
1|CHIL|Y|Ron Frazier
2|AGE|Y|21
1|INCOME|Y|28300
0|FAM|Y|@F9@
1|HUSB|Y|Charles Jones
1|WIFE|Y|Leola Alpert
1|CHIL|Y|Thomas Jones
2|AGE|Y|18
1|INCOME|Y|69000
0|FAM|Y|@F10@
1|HUSB|Y|Duane Kukowski
1|WIFE|Y|Deborah Lynch
1|CHIL|Y|Martha Kukowski
2|AGE|Y|3
1|CHIL|Y|Mercedes Kukowski
2|AGE|Y|18
1|INCOME|Y|33600
0|FAM|Y|@F11@
1|HUSB|Y|Denis Smith
1|WIFE|Y|Sherry Mosier
1|CHIL|Y|Cynthia Smith
2|AGE|Y|8
1|CHIL|Y|Sharon Smith
2|AGE|Y|11
1|CHIL|Y|Jamie Smith
2|AGE|Y|13
1|INCOME|Y|36300
0|FAM|Y|@F12@
1|HUSB|Y|Jesus Hake
1|WIFE|Y|Jean Garrett
1|CHIL|Y|Karen Hake
2|AGE|Y|12
1|CHIL|Y|Jennifer Hake
2|AGE|Y|9
1|CHIL|Y|Cassandra Hake
2|AGE|Y|22
1|INCOME|Y|47600
0|FAM|Y|@F13@
1|HUSB|Y|George Wallace
1|WIFE|Y|Ella Woods
1|CHIL|Y|Tammy Wallace
2|AGE|Y|18
1|CHIL|Y|Norma Wallace
2|AGE|Y|16
1|CHIL|Y|Mary Wallace
2|AGE|Y|24
1|CHIL|Y|Ronnie Wallace
2|AGE|Y|1
1|CHIL|Y|Paula Wallace
2|AGE|Y|12
1|INCOME|Y|54100
0|FAM|Y|@F14@
1|HUSB|Y|Robert Troutt
1|WIFE|Y|Edna Richardson
1|CHIL|Y|Velma Troutt
2|AGE|Y|23
1|CHIL|Y|Robin Troutt
2|AGE|Y|5
1|CHIL|Y|Paul Troutt
2|AGE|Y|3
1|CHIL|Y|Jackie Troutt
2|AGE|Y|3
1|CHIL|Y|Christopher Troutt
2|AGE|Y|5
1|INCOME|Y|53900
0|FAM|Y|@F15@
1|HUSB|Y|Steve Jackson
1|WIFE|Y|Amy Schlesener
1|CHIL|Y|Alvin Jackson
2|AGE|Y|1
1|CHIL|Y|Nancy Jackson
2|AGE|Y|14
1|CHIL|Y|Ann Jackson
2|AGE|Y|17
1|INCOME|Y|34600
0|FAM|Y|@F16@
1|HUSB|Y|Jerry Jefferson
1|WIFE|Y|Charlotte Oliveira
1|CHIL|Y|Laverne Jefferson
2|AGE|Y|9
1|CHIL|Y|Robert Jefferson
2|AGE|Y|13
1|INCOME|Y|37400
0|FAM|Y|@F17@
1|HUSB|Y|Johnny Deangelis
1|WIFE|Y|Elizabeth Barton
1|CHIL|Y|Margaret Deangelis
2|AGE|Y|22
1|CHIL|Y|Violet Deangelis
2|AGE|Y|16
1|CHIL|Y|James Deangelis
2|AGE|Y|16
1|INCOME|Y|60300
0|FAM|Y|@F18@
1|HUSB|Y|Frank King
1|WIFE|Y|Jenna Rizzio
1|CHIL|Y|Doris King
2|AGE|Y|18
1|CHIL|Y|Matt King
2|AGE|Y|16
1|INCOME|Y|67500
0|FAM|Y|@F19@
1|HUSB|Y|Anton Price
1|WIFE|Y|Brenda Peeler
1|CHIL|Y|John Price
2|AGE|Y|22
1|CHIL|Y|Timothy Price
2|AGE|Y|6
1|INCOME|Y|55300
0|FAM|Y|@F20@
1|HUSB|Y|Andy Gilbert
1|WIFE|Y|Maria Mccorkle
1|CHIL|Y|Howard Gilbert
2|AGE|Y|4
1|INCOME|Y|57600
0|FAM|Y|@F21@
1|HUSB|Y|Thomas Greenhalge
1|WIFE|Y|Yvonne Smith
1|CHIL|Y|Berta Greenhalge
2|AGE|Y|15
1|CHIL|Y|Dana Greenhalge
2|AGE|Y|5
1|CHIL|Y|Kimberly Greenhalge
2|AGE|Y|12
1|CHIL|Y|Mark Greenhalge
2|AGE|Y|10
1|CHIL|Y|Bryan Greenhalge
2|AGE|Y|6
1|INCOME|Y|23200
0|FAM|Y|@F22@
1|HUSB|Y|Wayne Kalas
1|WIFE|Y|Carla Prok
1|CHIL|Y|Margaret Kalas
2|AGE|Y|16
1|INCOME|Y|62400
0|FAM|Y|@F23@
1|HUSB|Y|Steven Steenbergen
1|WIFE|Y|Tina Ichikawa
1|CHIL|Y|Patricia Steenbergen
2|AGE|Y|2
1|INCOME|Y|30900
0|FAM|Y|@F24@
1|HUSB|Y|Lawrence Washington
1|WIFE|Y|Sandy Manzione
1|CHIL|Y|Ronald Washington
2|AGE|Y|4
1|CHIL|Y|Rita Washington
2|AGE|Y|7
1|CHIL|Y|Florence Washington
2|AGE|Y|2
1|CHIL|Y|Jeannine Washington
2|AGE|Y|11
1|INCOME|Y|48800
0|FAM|Y|@F25@
1|HUSB|Y|Rickey Sabala
1|WIFE|Y|Ginger Prewitt
1|CHIL|Y|Erica Sabala
2|AGE|Y|10
1|CHIL|Y|Amy Sabala
2|AGE|Y|14
1|CHIL|Y|Milton Sabala
2|AGE|Y|17
1|CHIL|Y|Linda Sabala
2|AGE|Y|13
1|INCOME|Y|27600
0|FAM|Y|@F26@
1|HUSB|Y|Eugene Hajek
1|WIFE|Y|Mary Rodriguez
1|CHIL|Y|Matthew Hajek
2|AGE|Y|13
1|CHIL|Y|Brenda Hajek
2|AGE|Y|23
1|CHIL|Y|Laurice Hajek
2|AGE|Y|8
1|CHIL|Y|Michael Hajek
2|AGE|Y|12
1|INCOME|Y|55600
0|FAM|Y|@F27@
1|HUSB|Y|Brian Slane
1|WIFE|Y|Diana Dockery
1|CHIL|Y|Jose Slane
2|AGE|Y|15
1|CHIL|Y|Linda Slane
2|AGE|Y|5
1|CHIL|Y|Gertrude Slane
2|AGE|Y|13
1|CHIL|Y|Mike Slane
2|AGE|Y|15
1|INCOME|Y|59200
0|FAM|Y|@F28@
1|HUSB|Y|Paul Martin
1|WIFE|Y|Betty Hixson
1|CHIL|Y|Marvin Martin
2|AGE|Y|4
1|CHIL|Y|David Martin
2|AGE|Y|7
1|CHIL|Y|Patricia Martin
2|AGE|Y|13
1|CHIL|Y|Tressie Martin
2|AGE|Y|8
1|CHIL|Y|David Martin
2|AGE|Y|19
1|INCOME|Y|51700
0|FAM|Y|@F29@
1|HUSB|Y|James Stewart
1|WIFE|Y|Carolyn Bernard
1|CHIL|Y|Maria Stewart
2|AGE|Y|22
1|CHIL|Y|Steven Stewart
2|AGE|Y|13
1|INCOME|Y|46900
0|FAM|Y|@F30@
1|HUSB|Y|Kristopher Beavers
1|WIFE|Y|Sarah Blaydes
1|CHIL|Y|Anthony Beavers
2|AGE|Y|2
1|CHIL|Y|Daniel Beavers
2|AGE|Y|11
1|INCOME|Y|60500
0|FAM|Y|@F31@
1|HUSB|Y|Freddie Pinneo
1|WIFE|Y|Erin Blake
1|CHIL|Y|Hermine Pinneo
2|AGE|Y|11
1|INCOME|Y|27500
0|FAM|Y|@F32@
1|HUSB|Y|Timothy Chol
1|WIFE|Y|Laura Pegues
1|CHIL|Y|Janet Chol
2|AGE|Y|22
1|CHIL|Y|Glenn Chol
2|AGE|Y|22
1|CHIL|Y|Fay Chol
2|AGE|Y|5
1|CHIL|Y|Marilyn Chol
2|AGE|Y|13
1|INCOME|Y|25600
0|FAM|Y|@F33@
1|HUSB|Y|Robert Then
1|WIFE|Y|Patricia Rueluas
1|CHIL|Y|Pauline Then
2|AGE|Y|21
1|CHIL|Y|Janina Then
2|AGE|Y|21
1|CHIL|Y|Patricia Then
2|AGE|Y|11
1|CHIL|Y|David Then
2|AGE|Y|10
1|CHIL|Y|Katherine Then
2|AGE|Y|14
1|INCOME|Y|20800
0|FAM|Y|@F34@
1|HUSB|Y|Charles Williams
1|WIFE|Y|Vada Higby
1|CHIL|Y|Mariano Williams
2|AGE|Y|3
1|CHIL|Y|Thomas Williams
2|AGE|Y|21
1|CHIL|Y|James Williams
2|AGE|Y|24
1|CHIL|Y|Bessie Williams
2|AGE|Y|5
1|CHIL|Y|Laura Williams
2|AGE|Y|2
1|INCOME|Y|27700
0|FAM|Y|@F35@
1|HUSB|Y|Tom Farmer
1|WIFE|Y|Lynn Wright
1|CHIL|Y|Debra Farmer
2|AGE|Y|9
1|CHIL|Y|Larry Farmer
2|AGE|Y|14
1|INCOME|Y|63500
0|FAM|Y|@F36@
1|HUSB|Y|George Roman
1|WIFE|Y|Shalonda Stuemke
1|CHIL|Y|Clarence Roman
2|AGE|Y|12
1|CHIL|Y|Ann Roman
2|AGE|Y|19
1|CHIL|Y|Orlando Roman
2|AGE|Y|13
1|CHIL|Y|Emma Roman
2|AGE|Y|4
1|INCOME|Y|36600
0|FAM|Y|@F37@
1|HUSB|Y|Robert Yeadon
1|WIFE|Y|Alice Crumpton
1|CHIL|Y|Connie Yeadon
2|AGE|Y|8
1|CHIL|Y|George Yeadon
2|AGE|Y|24
1|CHIL|Y|Jamel Yeadon
2|AGE|Y|6
1|CHIL|Y|Brandon Yeadon
2|AGE|Y|1
1|INCOME|Y|42500
0|FAM|Y|@F38@
1|HUSB|Y|Joseph Ramirez
1|WIFE|Y|Allison Kujawski
1|CHIL|Y|Adam Ramirez
2|AGE|Y|1
1|CHIL|Y|John Ramirez
2|AGE|Y|9
1|CHIL|Y|Lisa Ramirez
2|AGE|Y|7
1|CHIL|Y|Nicole Ramirez
2|AGE|Y|4
1|CHIL|Y|John Ramirez
2|AGE|Y|18
1|INCOME|Y|45800
0|FAM|Y|@F39@
1|HUSB|Y|Paul Bailey
1|WIFE|Y|Judith Welch
1|CHIL|Y|Dorothy Bailey
2|AGE|Y|1
1|INCOME|Y|62100
0|FAM|Y|@F40@
1|HUSB|Y|Richard Reem
1|WIFE|Y|Stephanie Spriggs
1|CHIL|Y|Karen Reem
2|AGE|Y|10
1|CHIL|Y|Herbert Reem
2|AGE|Y|4
1|INCOME|Y|54500
0|FAM|Y|@F41@
1|HUSB|Y|Ruben Gonzalez
1|WIFE|Y|Theresa Christion
1|CHIL|Y|Ruth Gonzalez
2|AGE|Y|5
1|CHIL|Y|Pearl Gonzalez
2|AGE|Y|4
1|CHIL|Y|Jenny Gonzalez
2|AGE|Y|1
1|CHIL|Y|Justin Gonzalez
2|AGE|Y|4
1|INCOME|Y|57700
0|FAM|Y|@F42@
1|HUSB|Y|James Tremper
1|WIFE|Y|Ashley Vallejo
1|CHIL|Y|Delores Tremper
2|AGE|Y|13
1|CHIL|Y|Miquel Tremper
2|AGE|Y|9
1|INCOME|Y|52600
0|FAM|Y|@F43@
1|HUSB|Y|Ronald Bekins
1|WIFE|Y|Debra Tauscher
1|CHIL|Y|Nellie Bekins
2|AGE|Y|17
1|INCOME|Y|69300
0|FAM|Y|@F44@
1|HUSB|Y|James Goodwin
1|WIFE|Y|April Jackson
1|CHIL|Y|Kenneth Goodwin
2|AGE|Y|18
1|CHIL|Y|Cheryl Goodwin
2|AGE|Y|19
1|CHIL|Y|Jewel Goodwin
2|AGE|Y|10
1|INCOME|Y|20600
0|FAM|Y|@F45@
1|HUSB|Y|Larry Mansfield
1|WIFE|Y|Judy Giordano
1|CHIL|Y|Cynthia Mansfield
2|AGE|Y|8
1|CHIL|Y|Meggan Mansfield
2|AGE|Y|14
1|CHIL|Y|Donald Mansfield
2|AGE|Y|2
1|CHIL|Y|Deborah Mansfield
2|AGE|Y|8
1|CHIL|Y|Celeste Mansfield
2|AGE|Y|14
1|INCOME|Y|55900
0|FAM|Y|@F46@
1|HUSB|Y|William Martin
1|WIFE|Y|Lorretta Hudson
1|CHIL|Y|Robert Martin
2|AGE|Y|19
1|CHIL|Y|Jason Martin
2|AGE|Y|14
1|CHIL|Y|Cory Martin
2|AGE|Y|13
1|INCOME|Y|39700
0|FAM|Y|@F47@
1|HUSB|Y|Peter Quade
1|WIFE|Y|Carla Davison
1|CHIL|Y|Kathrine Quade
2|AGE|Y|11
1|CHIL|Y|Vicki Quade
2|AGE|Y|16
1|CHIL|Y|Hilary Quade
2|AGE|Y|4
1|CHIL|Y|Stephen Quade
2|AGE|Y|17
1|INCOME|Y|39600
0|FAM|Y|@F48@
1|HUSB|Y|David Denson
1|WIFE|Y|Debra Kluemper
1|CHIL|Y|Kristen Denson
2|AGE|Y|14
1|CHIL|Y|Matthew Denson
2|AGE|Y|1
1|INCOME|Y|55500
0|FAM|Y|@F49@
1|HUSB|Y|Ronald Pecoraro
1|WIFE|Y|Terry Ramsey
1|CHIL|Y|Paul Pecoraro
2|AGE|Y|6
1|CHIL|Y|Carolyn Pecoraro
2|AGE|Y|23
1|CHIL|Y|Leroy Pecoraro
2|AGE|Y|4
1|INCOME|Y|29900
0|FAM|Y|@F50@
1|HUSB|Y|Jeremy Chancey
1|WIFE|Y|Phyllis Serge
1|CHIL|Y|Rebecca Chancey
2|AGE|Y|19
1|CHIL|Y|Pablo Chancey
2|AGE|Y|16
1|CHIL|Y|Deborah Chancey
2|AGE|Y|25
1|INCOME|Y|22600
0|FAM|Y|@F51@
1|HUSB|Y|Casey May
1|WIFE|Y|Penelope Haworth
1|CHIL|Y|Robert May
2|AGE|Y|21
1|INCOME|Y|28100
0|FAM|Y|@F52@
1|HUSB|Y|Walter Pena
1|WIFE|Y|Frances Webb
1|CHIL|Y|Nicholas Pena
2|AGE|Y|3
1|CHIL|Y|William Pena
2|AGE|Y|18
1|CHIL|Y|Gwendolyn Pena
2|AGE|Y|9
1|CHIL|Y|Josefine Pena
2|AGE|Y|9
1|CHIL|Y|Allen Pena
2|AGE|Y|8
1|INCOME|Y|48000
0|FAM|Y|@F53@
1|HUSB|Y|James Rice
1|WIFE|Y|Sandra Copas
1|CHIL|Y|Daniel Rice
2|AGE|Y|22
1|INCOME|Y|51400
0|FAM|Y|@F54@
1|HUSB|Y|Leonard Smith
1|WIFE|Y|Samantha Toti
1|CHIL|Y|Melissa Smith
2|AGE|Y|3
1|CHIL|Y|Matthew Smith
2|AGE|Y|16
1|INCOME|Y|59300
0|FAM|Y|@F55@
1|HUSB|Y|Ronald Wilson
1|WIFE|Y|Mary Fitzgerald
1|CHIL|Y|Robert Wilson
2|AGE|Y|21
1|CHIL|Y|Nicole Wilson
2|AGE|Y|18
1|CHIL|Y|David Wilson
2|AGE|Y|3
1|CHIL|Y|Mark Wilson
2|AGE|Y|18
1|INCOME|Y|59400
0|FAM|Y|@F56@
1|HUSB|Y|Joseph Andersen
1|WIFE|Y|Ursula Wilson
1|CHIL|Y|Joann Andersen
2|AGE|Y|4
1|CHIL|Y|Steven Andersen
2|AGE|Y|1
1|CHIL|Y|James Andersen
2|AGE|Y|16
1|INCOME|Y|48200
0|FAM|Y|@F57@
1|HUSB|Y|Cody Schnell
1|WIFE|Y|Shirley Saechao
1|CHIL|Y|Rosalind Schnell
2|AGE|Y|13
1|CHIL|Y|Susan Schnell
2|AGE|Y|13
1|CHIL|Y|Anthony Schnell
2|AGE|Y|13
1|CHIL|Y|Edwin Schnell
2|AGE|Y|15
1|CHIL|Y|Robert Schnell
2|AGE|Y|18
1|INCOME|Y|22400
0|FAM|Y|@F58@
1|HUSB|Y|Michael Steadman
1|WIFE|Y|Mary Porter
1|CHIL|Y|Harold Steadman
2|AGE|Y|13
1|INCOME|Y|36400
0|FAM|Y|@F59@
1|HUSB|Y|Joseph Flaherty
1|WIFE|Y|Nancy Bruss
1|CHIL|Y|Frank Flaherty
2|AGE|Y|8
1|INCOME|Y|51300
0|FAM|Y|@F60@
1|HUSB|Y|Harrison Grubaugh
1|WIFE|Y|Alva Cothran
1|CHIL|Y|Ronald Grubaugh
2|AGE|Y|17
1|CHIL|Y|Marion Grubaugh
2|AGE|Y|24
1|CHIL|Y|Jose Grubaugh
2|AGE|Y|21
1|CHIL|Y|Joseph Grubaugh
2|AGE|Y|23
1|CHIL|Y|Robert Grubaugh
2|AGE|Y|11
1|INCOME|Y|46100
0|FAM|Y|@F61@
1|HUSB|Y|Christopher Anderson
1|WIFE|Y|Laura Wilder
1|CHIL|Y|Phyllis Anderson
2|AGE|Y|24
1|CHIL|Y|Allan Anderson
2|AGE|Y|15
1|CHIL|Y|Evelyn Anderson
2|AGE|Y|11
1|CHIL|Y|Antonio Anderson
2|AGE|Y|23
1|INCOME|Y|24500
0|FAM|Y|@F62@
1|HUSB|Y|Daniel Carter
1|WIFE|Y|Stephanie Primm
1|CHIL|Y|Robert Carter
2|AGE|Y|9
1|CHIL|Y|Jose Carter
2|AGE|Y|9
1|CHIL|Y|Linda Carter
2|AGE|Y|11
1|INCOME|Y|26900
0|FAM|Y|@F63@
1|HUSB|Y|Steven Matthews
1|WIFE|Y|Crystal Johnson
1|CHIL|Y|Timothy Matthews
2|AGE|Y|2
1|CHIL|Y|Bernice Matthews
2|AGE|Y|5
1|CHIL|Y|Edward Matthews
2|AGE|Y|7
1|CHIL|Y|Doris Matthews
2|AGE|Y|1
1|CHIL|Y|Greg Matthews
2|AGE|Y|24
1|INCOME|Y|50900
0|FAM|Y|@F64@
1|HUSB|Y|Rodney Machin
1|WIFE|Y|Yolanda Anderson
1|CHIL|Y|Peter Machin
2|AGE|Y|15
1|CHIL|Y|Gloria Machin
2|AGE|Y|14
1|CHIL|Y|Carolyn Machin
2|AGE|Y|2
1|INCOME|Y|24500
0|FAM|Y|@F65@
1|HUSB|Y|Philip Rose
1|WIFE|Y|Francisca Leon
1|CHIL|Y|Sammie Rose
2|AGE|Y|9
1|CHIL|Y|Alice Rose
2|AGE|Y|20
1|CHIL|Y|Joyce Rose
2|AGE|Y|4
1|CHIL|Y|Kristine Rose
2|AGE|Y|10
1|CHIL|Y|Chung Rose
2|AGE|Y|4
1|INCOME|Y|55100
0|FAM|Y|@F66@
1|HUSB|Y|Herman Guy
1|WIFE|Y|Terrie Brown
1|CHIL|Y|Charlotte Guy
2|AGE|Y|18
1|CHIL|Y|Helen Guy
2|AGE|Y|1
1|INCOME|Y|28500
0|FAM|Y|@F67@
1|HUSB|Y|Marcus Rader
1|WIFE|Y|Mary Peoples
1|CHIL|Y|Sandra Rader
2|AGE|Y|13
1|CHIL|Y|Marci Rader
2|AGE|Y|10
1|INCOME|Y|34000
0|FAM|Y|@F68@
1|HUSB|Y|William Deleon
1|WIFE|Y|Angela Lee
1|CHIL|Y|Ryan Deleon
2|AGE|Y|22
1|CHIL|Y|Leonora Deleon
2|AGE|Y|25
1|CHIL|Y|Jessie Deleon
2|AGE|Y|8
1|CHIL|Y|Linda Deleon
2|AGE|Y|12
1|INCOME|Y|67700
0|FAM|Y|@F69@
1|HUSB|Y|Shane Mckinney
1|WIFE|Y|Macy Sanford
1|CHIL|Y|Michael Mckinney
2|AGE|Y|17
1|CHIL|Y|David Mckinney
2|AGE|Y|15
1|CHIL|Y|Ruth Mckinney
2|AGE|Y|4
1|INCOME|Y|26100
0|FAM|Y|@F70@
1|HUSB|Y|Elijah Wayland
1|WIFE|Y|Patricia Houston
1|CHIL|Y|Manuel Wayland
2|AGE|Y|12
1|CHIL|Y|Donna Wayland
2|AGE|Y|4
1|CHIL|Y|Paul Wayland
2|AGE|Y|4
1|CHIL|Y|Wilber Wayland
2|AGE|Y|15
1|INCOME|Y|51800
0|FAM|Y|@F71@
1|HUSB|Y|Victor Corum
1|WIFE|Y|Gilda Dandy
1|CHIL|Y|Sean Corum
2|AGE|Y|10
1|CHIL|Y|Melissa Corum
2|AGE|Y|6
1|CHIL|Y|Guadalupe Corum
2|AGE|Y|15
1|CHIL|Y|Randall Corum
2|AGE|Y|2
1|CHIL|Y|Virginia Corum
2|AGE|Y|11
1|INCOME|Y|35900
0|FAM|Y|@F72@
1|HUSB|Y|Donald Sawyers
1|WIFE|Y|Kyong Gideon
1|CHIL|Y|Nathan Sawyers
2|AGE|Y|15
1|CHIL|Y|Mallory Sawyers
2|AGE|Y|16
1|CHIL|Y|Kiera Sawyers
2|AGE|Y|16
1|CHIL|Y|Lisa Sawyers
2|AGE|Y|18
1|CHIL|Y|Louise Sawyers
2|AGE|Y|19
1|INCOME|Y|52900
0|FAM|Y|@F73@
1|HUSB|Y|Christopher Fields
1|WIFE|Y|Margaret Christian
1|CHIL|Y|Christopher Fields
2|AGE|Y|2
1|INCOME|Y|26000
0|FAM|Y|@F74@
1|HUSB|Y|Erwin Brose
1|WIFE|Y|Lisa Matos
1|CHIL|Y|Curt Brose
2|AGE|Y|18
1|CHIL|Y|Penelope Brose
2|AGE|Y|14
1|INCOME|Y|26000
0|FAM|Y|@F75@
1|HUSB|Y|Michael Golz
1|WIFE|Y|Camille Chase
1|CHIL|Y|William Golz
2|AGE|Y|25
1|INCOME|Y|50700
0|FAM|Y|@F76@
1|HUSB|Y|Brandon Robb
1|WIFE|Y|Dawn Condrey
1|CHIL|Y|Mark Robb
2|AGE|Y|15
1|CHIL|Y|Barbara Robb
2|AGE|Y|23
1|INCOME|Y|67900
0|FAM|Y|@F77@
1|HUSB|Y|Robert Holland
1|WIFE|Y|Pamela Nguyen
1|CHIL|Y|Jeffrey Holland
2|AGE|Y|12
1|CHIL|Y|Jon Holland
2|AGE|Y|18
1|CHIL|Y|Leonor Holland
2|AGE|Y|14
1|INCOME|Y|45300
0|FAM|Y|@F78@
1|HUSB|Y|Rickey Shine
1|WIFE|Y|Violet Hoot
1|CHIL|Y|Nathaniel Shine
2|AGE|Y|4
1|CHIL|Y|Jeannie Shine
2|AGE|Y|13
1|INCOME|Y|22600
0|FAM|Y|@F79@
1|HUSB|Y|Shawn Denardo
1|WIFE|Y|Karen Stewart
1|CHIL|Y|Elisabeth Denardo
2|AGE|Y|13
1|CHIL|Y|Brett Denardo
2|AGE|Y|21
1|INCOME|Y|21500
0|FAM|Y|@F80@
1|HUSB|Y|Jose Montz
1|WIFE|Y|Laura Johnson
1|CHIL|Y|Judith Montz
2|AGE|Y|25
1|CHIL|Y|Stephanie Montz
2|AGE|Y|15
1|CHIL|Y|Sarah Montz
2|AGE|Y|21
1|CHIL|Y|Rose Montz
2|AGE|Y|7
1|INCOME|Y|66100
0|FAM|Y|@F81@
1|HUSB|Y|Kenneth Cataldo
1|WIFE|Y|Margaret Spady
1|CHIL|Y|Nancy Cataldo
2|AGE|Y|14
1|CHIL|Y|Ruth Cataldo
2|AGE|Y|16
1|INCOME|Y|26700
0|FAM|Y|@F82@
1|HUSB|Y|Antonio Brown
1|WIFE|Y|Mary Bumgarner
1|CHIL|Y|John Brown
2|AGE|Y|4
1|INCOME|Y|29000
0|FAM|Y|@F83@
1|HUSB|Y|Robert Seitz
1|WIFE|Y|Emily Howard
1|CHIL|Y|Carl Seitz
2|AGE|Y|8
1|CHIL|Y|Maurice Seitz
2|AGE|Y|16
1|CHIL|Y|Helen Seitz
2|AGE|Y|14
1|INCOME|Y|29200
0|FAM|Y|@F84@
1|HUSB|Y|James Mccall
1|WIFE|Y|Virginia Moses
1|CHIL|Y|Noe Mccall
2|AGE|Y|13
1|CHIL|Y|Johanna Mccall
2|AGE|Y|22
1|INCOME|Y|32700
0|FAM|Y|@F85@
1|HUSB|Y|Daniel Joyce
1|WIFE|Y|Emily Sanchez
1|CHIL|Y|Linda Joyce
2|AGE|Y|2
1|CHIL|Y|Dennis Joyce
2|AGE|Y|10
1|CHIL|Y|Tanya Joyce
2|AGE|Y|19
1|CHIL|Y|Stewart Joyce
2|AGE|Y|8
1|CHIL|Y|Lori Joyce
2|AGE|Y|16
1|INCOME|Y|36800
0|FAM|Y|@F86@
1|HUSB|Y|Timothy Alvarado
1|WIFE|Y|Frances Carrillo
1|CHIL|Y|Paul Alvarado
2|AGE|Y|2
1|CHIL|Y|Julia Alvarado
2|AGE|Y|18
1|CHIL|Y|Christopher Alvarado
2|AGE|Y|13
1|INCOME|Y|69400
0|FAM|Y|@F87@
1|HUSB|Y|Jose Zabala
1|WIFE|Y|Margaret Mcdougal
1|CHIL|Y|Verna Zabala
2|AGE|Y|15
1|INCOME|Y|35800
0|FAM|Y|@F88@
1|HUSB|Y|Shawn Williams
1|WIFE|Y|Norma Henshaw
1|CHIL|Y|Gloria Williams
2|AGE|Y|7
1|INCOME|Y|44400
0|FAM|Y|@F89@
1|HUSB|Y|Victor Mcgee
1|WIFE|Y|Rose Gingras
1|CHIL|Y|Eddie Mcgee
2|AGE|Y|5
1|CHIL|Y|Justin Mcgee
2|AGE|Y|18
1|INCOME|Y|49600
0|FAM|Y|@F90@
1|HUSB|Y|Michael Mccormick
1|WIFE|Y|Tori Grant
1|CHIL|Y|Martin Mccormick
2|AGE|Y|7
1|CHIL|Y|Donna Mccormick
2|AGE|Y|2
1|CHIL|Y|Angelena Mccormick
2|AGE|Y|3
1|CHIL|Y|Paul Mccormick
2|AGE|Y|5
1|INCOME|Y|54400
0|FAM|Y|@F91@
1|HUSB|Y|Charles Pate
1|WIFE|Y|Sally Clayton
1|CHIL|Y|Joan Pate
2|AGE|Y|4
1|CHIL|Y|Sharon Pate
2|AGE|Y|1
1|INCOME|Y|45900
0|FAM|Y|@F92@
1|HUSB|Y|Christopher Brantley
1|WIFE|Y|Megan Smith
1|CHIL|Y|Lucas Brantley
2|AGE|Y|16
1|CHIL|Y|Michael Brantley
2|AGE|Y|25
1|CHIL|Y|Carrie Brantley
2|AGE|Y|25
1|CHIL|Y|Manuel Brantley
2|AGE|Y|15
1|CHIL|Y|Lori Brantley
2|AGE|Y|1
1|INCOME|Y|48200
0|FAM|Y|@F93@
1|HUSB|Y|Howard Zamora
1|WIFE|Y|Kimber Riley
1|CHIL|Y|Christine Zamora
2|AGE|Y|20
1|CHIL|Y|Michael Zamora
2|AGE|Y|1
1|CHIL|Y|Orlando Zamora
2|AGE|Y|23
1|CHIL|Y|Todd Zamora
2|AGE|Y|22
1|CHIL|Y|Mildred Zamora
2|AGE|Y|4
1|INCOME|Y|55900
0|FAM|Y|@F94@
1|HUSB|Y|George Land
1|WIFE|Y|Lenora Padron
1|CHIL|Y|Eric Land
2|AGE|Y|12
1|CHIL|Y|Frederick Land
2|AGE|Y|9
1|CHIL|Y|Christine Land
2|AGE|Y|1
1|CHIL|Y|Mona Land
2|AGE|Y|18
1|INCOME|Y|37600
0|FAM|Y|@F95@
1|HUSB|Y|Salvador Simpson
1|WIFE|Y|Kristin Perkins
1|CHIL|Y|Yolanda Simpson
2|AGE|Y|17
1|CHIL|Y|John Simpson
2|AGE|Y|17
1|CHIL|Y|Cody Simpson
2|AGE|Y|2
1|INCOME|Y|59200
0|FAM|Y|@F96@
1|HUSB|Y|Christopher Matas
1|WIFE|Y|Billie Cuevas
1|CHIL|Y|Randall Matas
2|AGE|Y|17
1|INCOME|Y|22200
0|FAM|Y|@F97@
1|HUSB|Y|Robert Parker
1|WIFE|Y|Lynn Schwartzkopf
1|CHIL|Y|Polly Parker
2|AGE|Y|1
1|CHIL|Y|Shirley Parker
2|AGE|Y|19
1|CHIL|Y|Jason Parker
2|AGE|Y|21
1|INCOME|Y|50300
0|FAM|Y|@F98@
1|HUSB|Y|Ray Pineda
1|WIFE|Y|Anna Stuart
1|CHIL|Y|Eddie Pineda
2|AGE|Y|15
1|CHIL|Y|Tammy Pineda
2|AGE|Y|6
1|CHIL|Y|Joshua Pineda
2|AGE|Y|9
1|CHIL|Y|Eugene Pineda
2|AGE|Y|7
1|CHIL|Y|Michale Pineda
2|AGE|Y|17
1|INCOME|Y|56700
0|FAM|Y|@F99@
1|HUSB|Y|Scott Vogel
1|WIFE|Y|Grace Vega
1|CHIL|Y|Dave Vogel
2|AGE|Y|6
1|CHIL|Y|Edward Vogel
2|AGE|Y|10
1|INCOME|Y|37200
0|FAM|Y|@F100@
1|HUSB|Y|Timothy Pascale
1|WIFE|Y|Lillian Womble
1|CHIL|Y|Alex Pascale
2|AGE|Y|1
1|CHIL|Y|Ricky Pascale
2|AGE|Y|22
1|INCOME|Y|37300
0|FAM|Y|@F101@
1|HUSB|Y|Matthew Sprow
1|WIFE|Y|Edna Livoti
1|CHIL|Y|Rachel Sprow
2|AGE|Y|8
1|CHIL|Y|Frances Sprow
2|AGE|Y|14
1|CHIL|Y|Mark Sprow
2|AGE|Y|23
1|CHIL|Y|Adrienne Sprow
2|AGE|Y|7
1|CHIL|Y|Maggie Sprow
2|AGE|Y|16
1|INCOME|Y|43200
0|FAM|Y|@F102@
1|HUSB|Y|Eugene Furman
1|WIFE|Y|Magdalena Jackson
1|CHIL|Y|Marshall Furman
2|AGE|Y|19
1|INCOME|Y|56600
0|FAM|Y|@F103@
1|HUSB|Y|Bobby Henderson
1|WIFE|Y|Laurie Bartlett
1|CHIL|Y|Karen Henderson
2|AGE|Y|18
1|CHIL|Y|Clarence Henderson
2|AGE|Y|23
1|CHIL|Y|James Henderson
2|AGE|Y|25
1|CHIL|Y|Andrea Henderson
2|AGE|Y|4
1|CHIL|Y|Roy Henderson
2|AGE|Y|24
1|INCOME|Y|48200
0|FAM|Y|@F104@
1|HUSB|Y|Edward Batton
1|WIFE|Y|Elisa Graves
1|CHIL|Y|Marco Batton
2|AGE|Y|19
1|CHIL|Y|Norman Batton
2|AGE|Y|12
1|INCOME|Y|52600
0|FAM|Y|@F105@
1|HUSB|Y|Randolph Hudson
1|WIFE|Y|Jennifer Gilbert
1|CHIL|Y|Anthony Hudson
2|AGE|Y|23
1|CHIL|Y|Lee Hudson
2|AGE|Y|16
1|CHIL|Y|James Hudson
2|AGE|Y|25
1|INCOME|Y|25900
0|FAM|Y|@F106@
1|HUSB|Y|David Sphon
1|WIFE|Y|Shirley Knight
1|CHIL|Y|Sergio Sphon
2|AGE|Y|24
1|CHIL|Y|Robert Sphon
2|AGE|Y|22
1|CHIL|Y|Fernando Sphon
2|AGE|Y|12
1|CHIL|Y|Karina Sphon
2|AGE|Y|23
1|INCOME|Y|62100
0|FAM|Y|@F107@
1|HUSB|Y|Ralph Kosinski
1|WIFE|Y|Dora Hill
1|CHIL|Y|Melinda Kosinski
2|AGE|Y|14
1|CHIL|Y|Brian Kosinski
2|AGE|Y|13
1|INCOME|Y|53800
0|FAM|Y|@F108@
1|HUSB|Y|Donald Cooper
1|WIFE|Y|Dorthy Harris
1|CHIL|Y|Danielle Cooper
2|AGE|Y|12
1|CHIL|Y|James Cooper
2|AGE|Y|1
1|CHIL|Y|Paul Cooper
2|AGE|Y|22
1|CHIL|Y|Mary Cooper
2|AGE|Y|20
1|INCOME|Y|48500
0|FAM|Y|@F109@
1|HUSB|Y|Kenneth Galicia
1|WIFE|Y|Diana Pokora
1|CHIL|Y|Jerry Galicia
2|AGE|Y|22
1|CHIL|Y|Carol Galicia
2|AGE|Y|17
1|CHIL|Y|John Galicia
2|AGE|Y|23
1|INCOME|Y|65900
0|FAM|Y|@F110@
1|HUSB|Y|William Hedger
1|WIFE|Y|Eunice Harris
1|CHIL|Y|Nathan Hedger
2|AGE|Y|18
1|INCOME|Y|46900
0|FAM|Y|@F111@
1|HUSB|Y|Brian Jackson
1|WIFE|Y|Karen Brinkmann
1|CHIL|Y|Esther Jackson
2|AGE|Y|1
1|CHIL|Y|Marcus Jackson
2|AGE|Y|3
1|CHIL|Y|Beverly Jackson
2|AGE|Y|17
1|CHIL|Y|Leo Jackson
2|AGE|Y|13
1|CHIL|Y|Laura Jackson
2|AGE|Y|2
1|INCOME|Y|46100
0|FAM|Y|@F112@
1|HUSB|Y|Mark Murphy
1|WIFE|Y|Courtney Hatcher
1|CHIL|Y|Paula Murphy
2|AGE|Y|22
1|INCOME|Y|60200
0|FAM|Y|@F113@
1|HUSB|Y|Eddie Day
1|WIFE|Y|Debbie Shepard
1|CHIL|Y|Bruno Day
2|AGE|Y|20
1|CHIL|Y|Annie Day
2|AGE|Y|22
1|CHIL|Y|Teresa Day
2|AGE|Y|7
1|CHIL|Y|Frank Day
2|AGE|Y|22
1|CHIL|Y|Tara Day
2|AGE|Y|18
1|INCOME|Y|63600
0|FAM|Y|@F114@
1|HUSB|Y|Bryon Adams
1|WIFE|Y|Sherry Ables
1|CHIL|Y|James Adams
2|AGE|Y|16
1|CHIL|Y|Chris Adams
2|AGE|Y|8
1|CHIL|Y|Leroy Adams
2|AGE|Y|24
1|INCOME|Y|64900
0|FAM|Y|@F115@
1|HUSB|Y|Michael Martinez
1|WIFE|Y|Joan Brock
1|CHIL|Y|James Martinez
2|AGE|Y|23
1|CHIL|Y|Rebecca Martinez
2|AGE|Y|20
1|INCOME|Y|36600
0|FAM|Y|@F116@
1|HUSB|Y|John Bakken
1|WIFE|Y|Florence Coulston
1|CHIL|Y|Nick Bakken
2|AGE|Y|3
1|INCOME|Y|67300
0|FAM|Y|@F117@
1|HUSB|Y|Thomas Neville
1|WIFE|Y|Amparo Thao
1|CHIL|Y|Shirley Neville
2|AGE|Y|24
1|CHIL|Y|Kerry Neville
2|AGE|Y|2
1|CHIL|Y|Eliza Neville
2|AGE|Y|10
1|CHIL|Y|Ana Neville
2|AGE|Y|4
1|INCOME|Y|61400
0|FAM|Y|@F118@
1|HUSB|Y|David Barnes
1|WIFE|Y|Margaret Allan
1|CHIL|Y|Dan Barnes
2|AGE|Y|18
1|CHIL|Y|Laure Barnes
2|AGE|Y|15
1|CHIL|Y|Susan Barnes
2|AGE|Y|7
1|CHIL|Y|Mary Barnes
2|AGE|Y|18
1|INCOME|Y|45200
0|FAM|Y|@F119@
1|HUSB|Y|Jeremy Erskine
1|WIFE|Y|Jackie Comley
1|CHIL|Y|Wendy Erskine
2|AGE|Y|6
1|CHIL|Y|Tabatha Erskine
2|AGE|Y|7
1|CHIL|Y|Michael Erskine
2|AGE|Y|8
1|CHIL|Y|Karen Erskine
2|AGE|Y|24
1|INCOME|Y|63800
0|FAM|Y|@F120@
1|HUSB|Y|Troy Dixon
1|WIFE|Y|Marian Tucker
1|CHIL|Y|Daniel Dixon
2|AGE|Y|22
1|CHIL|Y|John Dixon
2|AGE|Y|18
1|CHIL|Y|Bernie Dixon
2|AGE|Y|16
1|CHIL|Y|Harold Dixon
2|AGE|Y|8
1|INCOME|Y|24000
0|FAM|Y|@F121@
1|HUSB|Y|Brian Brackett
1|WIFE|Y|Connie Wright
1|CHIL|Y|Shannon Brackett
2|AGE|Y|8
1|CHIL|Y|Mary Brackett
2|AGE|Y|12
1|CHIL|Y|Arthur Brackett
2|AGE|Y|6
1|CHIL|Y|Alisha Brackett
2|AGE|Y|21
1|CHIL|Y|Richard Brackett
2|AGE|Y|16
1|INCOME|Y|26300
0|FAM|Y|@F122@
1|HUSB|Y|Jon Westfall
1|WIFE|Y|Katherine Rowley
1|CHIL|Y|Ryan Westfall
2|AGE|Y|20
1|CHIL|Y|Angelo Westfall
2|AGE|Y|18
1|CHIL|Y|Betty Westfall
2|AGE|Y|18
1|INCOME|Y|24100
0|FAM|Y|@F123@
1|HUSB|Y|Gregory Sawyer
1|WIFE|Y|Carolyn Sharp
1|CHIL|Y|John Sawyer
2|AGE|Y|1
1|CHIL|Y|Gwen Sawyer
2|AGE|Y|10
1|CHIL|Y|Eugene Sawyer
2|AGE|Y|14
1|INCOME|Y|56700
0|FAM|Y|@F124@
1|HUSB|Y|Jason Spencer
1|WIFE|Y|Barbara Jones
1|CHIL|Y|Dolores Spencer
2|AGE|Y|1
1|INCOME|Y|56900
0|FAM|Y|@F125@
1|HUSB|Y|Kenneth Manlangit
1|WIFE|Y|Paula Wilson
1|CHIL|Y|Sally Manlangit
2|AGE|Y|1
1|CHIL|Y|Leonard Manlangit
2|AGE|Y|19
1|CHIL|Y|Vincent Manlangit
2|AGE|Y|15
1|INCOME|Y|26200
0|FAM|Y|@F126@
1|HUSB|Y|Bradley Cournoyer
1|WIFE|Y|Chandra Tandy
1|CHIL|Y|Sterling Cournoyer
2|AGE|Y|3
1|CHIL|Y|Craig Cournoyer
2|AGE|Y|18
1|CHIL|Y|Todd Cournoyer
2|AGE|Y|14
1|INCOME|Y|46000
0|FAM|Y|@F127@
1|HUSB|Y|Benjamin Lloyd
1|WIFE|Y|Sally Magnuson
1|CHIL|Y|Becky Lloyd
2|AGE|Y|25
1|CHIL|Y|James Lloyd
2|AGE|Y|17
1|CHIL|Y|Jerry Lloyd
2|AGE|Y|1
1|CHIL|Y|Ronald Lloyd
2|AGE|Y|3
1|CHIL|Y|Amanda Lloyd
2|AGE|Y|12
1|INCOME|Y|49100
0|FAM|Y|@F128@
1|HUSB|Y|Jason Breaux
1|WIFE|Y|Jennifer Vanblaricum
1|CHIL|Y|Antonio Breaux
2|AGE|Y|19
1|INCOME|Y|35200
0|FAM|Y|@F129@
1|HUSB|Y|Stephen Flynn
1|WIFE|Y|Jane Session
1|CHIL|Y|Dewayne Flynn
2|AGE|Y|2
1|CHIL|Y|Jeffery Flynn
2|AGE|Y|6
1|CHIL|Y|Bonnie Flynn
2|AGE|Y|20
1|INCOME|Y|62100
0|FAM|Y|@F130@
1|HUSB|Y|Douglas Claussen
1|WIFE|Y|Lisa Landry
1|CHIL|Y|Bobbi Claussen
2|AGE|Y|16
1|CHIL|Y|Judith Claussen
2|AGE|Y|18
1|CHIL|Y|Melissa Claussen
2|AGE|Y|4
1|CHIL|Y|Joe Claussen
2|AGE|Y|2
1|CHIL|Y|Dennis Claussen
2|AGE|Y|15
1|INCOME|Y|47900
0|FAM|Y|@F131@
1|HUSB|Y|John Sloan
1|WIFE|Y|Irma Crumley
1|CHIL|Y|Paul Sloan
2|AGE|Y|10
1|INCOME|Y|35700
0|FAM|Y|@F132@
1|HUSB|Y|Glen Strong
1|WIFE|Y|Vicky Harding
1|CHIL|Y|Corey Strong
2|AGE|Y|2
1|CHIL|Y|Katherine Strong
2|AGE|Y|14
1|CHIL|Y|Steven Strong
2|AGE|Y|17
1|CHIL|Y|Richard Strong
2|AGE|Y|1
1|CHIL|Y|Nancy Strong
2|AGE|Y|11
1|INCOME|Y|51000
0|FAM|Y|@F133@
1|HUSB|Y|Donald Scott
1|WIFE|Y|Pearl Mccarthy
1|CHIL|Y|Joseph Scott
2|AGE|Y|11
1|CHIL|Y|Scott Scott
2|AGE|Y|25
1|CHIL|Y|Eric Scott
2|AGE|Y|23
1|CHIL|Y|Rolando Scott
2|AGE|Y|9
1|INCOME|Y|21200
0|FAM|Y|@F134@
1|HUSB|Y|Gregory Guido
1|WIFE|Y|Julia Edwards
1|CHIL|Y|Wilma Guido
2|AGE|Y|20
1|CHIL|Y|Robert Guido
2|AGE|Y|11
1|INCOME|Y|49600
0|FAM|Y|@F135@
1|HUSB|Y|Larry Knight
1|WIFE|Y|Audrey King
1|CHIL|Y|Camille Knight
2|AGE|Y|18
1|CHIL|Y|Kimberly Knight
2|AGE|Y|19
1|INCOME|Y|29600
0|FAM|Y|@F136@
1|HUSB|Y|Donald Patton
1|WIFE|Y|Sandra Gartner
1|CHIL|Y|Carolyn Patton
2|AGE|Y|8
1|CHIL|Y|Kerry Patton
2|AGE|Y|5
1|CHIL|Y|Evelyn Patton
2|AGE|Y|15
1|CHIL|Y|John Patton
2|AGE|Y|5
1|CHIL|Y|Elke Patton
2|AGE|Y|11
1|INCOME|Y|24200
0|FAM|Y|@F137@
1|HUSB|Y|Bruce Stahl
1|WIFE|Y|Patricia Thompson
1|CHIL|Y|Dean Stahl
2|AGE|Y|24
1|INCOME|Y|37600
0|FAM|Y|@F138@
1|HUSB|Y|Ralph Harris
1|WIFE|Y|Babara Blagg
1|CHIL|Y|Donald Harris
2|AGE|Y|20
1|CHIL|Y|Candida Harris
2|AGE|Y|25
1|CHIL|Y|Cynthia Harris
2|AGE|Y|8
1|CHIL|Y|John Harris
2|AGE|Y|6
1|INCOME|Y|27500
0|FAM|Y|@F139@
1|HUSB|Y|Mark Hall
1|WIFE|Y|Tanya Garcia
1|CHIL|Y|Rhonda Hall
2|AGE|Y|12
1|CHIL|Y|Sharon Hall
2|AGE|Y|7
1|CHIL|Y|Joseph Hall
2|AGE|Y|9
1|INCOME|Y|66300
0|FAM|Y|@F140@
1|HUSB|Y|Charles Williams
1|WIFE|Y|Sonia Heisler
1|CHIL|Y|Raymond Williams
2|AGE|Y|8
1|CHIL|Y|Antonio Williams
2|AGE|Y|19
1|CHIL|Y|Pearl Williams
2|AGE|Y|7
1|CHIL|Y|James Williams
2|AGE|Y|20
1|CHIL|Y|Patricia Williams
2|AGE|Y|6
1|INCOME|Y|23500
0|FAM|Y|@F141@
1|HUSB|Y|Ben Gurganus
1|WIFE|Y|Dorothy Tristan
1|CHIL|Y|Carl Gurganus
2|AGE|Y|3
1|CHIL|Y|Vern Gurganus
2|AGE|Y|24
1|CHIL|Y|Mary Gurganus
2|AGE|Y|9
1|CHIL|Y|Michael Gurganus
2|AGE|Y|8
1|CHIL|Y|Lisa Gurganus
2|AGE|Y|7
1|INCOME|Y|38400
0|FAM|Y|@F142@
1|HUSB|Y|Donn Ryan
1|WIFE|Y|Elizabeth Howe
1|CHIL|Y|Holly Ryan
2|AGE|Y|13
1|CHIL|Y|Ethel Ryan
2|AGE|Y|19
1|CHIL|Y|Peggy Ryan
2|AGE|Y|15
1|CHIL|Y|Louise Ryan
2|AGE|Y|8
1|CHIL|Y|Mark Ryan
2|AGE|Y|18
1|INCOME|Y|45600
0|FAM|Y|@F143@
1|HUSB|Y|Gavin Glover
1|WIFE|Y|Amanda Conner
1|CHIL|Y|Larry Glover
2|AGE|Y|24
1|CHIL|Y|Michael Glover
2|AGE|Y|2
1|INCOME|Y|59700
0|FAM|Y|@F144@
1|HUSB|Y|Terry Lowe
1|WIFE|Y|Nicole White
1|CHIL|Y|Jose Lowe
2|AGE|Y|10
1|CHIL|Y|Kurtis Lowe
2|AGE|Y|9
1|CHIL|Y|Amy Lowe
2|AGE|Y|6
1|CHIL|Y|Travis Lowe
2|AGE|Y|24
1|INCOME|Y|48600
0|FAM|Y|@F145@
1|HUSB|Y|Lawrence Tyler
1|WIFE|Y|Lisa Smith
1|CHIL|Y|Robert Tyler
2|AGE|Y|15
1|CHIL|Y|Theresa Tyler
2|AGE|Y|20
1|CHIL|Y|Cindy Tyler
2|AGE|Y|7
1|CHIL|Y|Sue Tyler
2|AGE|Y|20
1|INCOME|Y|65100
0|FAM|Y|@F146@
1|HUSB|Y|Sean Bachmeier
1|WIFE|Y|Elaine Stewart
1|CHIL|Y|Judith Bachmeier
2|AGE|Y|3
1|CHIL|Y|Joseph Bachmeier
2|AGE|Y|10
1|CHIL|Y|Leigh Bachmeier
2|AGE|Y|3
1|CHIL|Y|David Bachmeier
2|AGE|Y|5
1|INCOME|Y|41100
0|FAM|Y|@F147@
1|HUSB|Y|Bill Credit
1|WIFE|Y|Emily Laxen
1|CHIL|Y|Fe Credit
2|AGE|Y|20
1|CHIL|Y|Tina Credit
2|AGE|Y|23
1|CHIL|Y|Terry Credit
2|AGE|Y|24
1|CHIL|Y|Evette Credit
2|AGE|Y|17
1|CHIL|Y|Melissa Credit
2|AGE|Y|10
1|INCOME|Y|47500
0|FAM|Y|@F148@
1|HUSB|Y|Scott Hamed
1|WIFE|Y|Susan Fabert
1|CHIL|Y|Hans Hamed
2|AGE|Y|17
1|CHIL|Y|Mark Hamed
2|AGE|Y|3
1|INCOME|Y|27700
0|FAM|Y|@F149@
1|HUSB|Y|Rodney Hopkins
1|WIFE|Y|Linda Walker
1|CHIL|Y|Betty Hopkins
2|AGE|Y|6
1|CHIL|Y|Janice Hopkins
2|AGE|Y|22
1|CHIL|Y|Roger Hopkins
2|AGE|Y|21
1|CHIL|Y|Isidro Hopkins
2|AGE|Y|1
1|CHIL|Y|Isaiah Hopkins
2|AGE|Y|8
1|INCOME|Y|31600
0|FAM|Y|@F150@
1|HUSB|Y|Kenneth Brough
1|WIFE|Y|Irma Mortimer
1|CHIL|Y|Elsie Brough
2|AGE|Y|13
1|CHIL|Y|Joshua Brough
2|AGE|Y|3
1|CHIL|Y|Harry Brough
2|AGE|Y|21
1|INCOME|Y|47700
0|FAM|Y|@F151@
1|HUSB|Y|James Montez
1|WIFE|Y|Carol Butler
1|CHIL|Y|Laurie Montez
2|AGE|Y|10
1|CHIL|Y|Homer Montez
2|AGE|Y|20
1|CHIL|Y|Richard Montez
2|AGE|Y|22
1|INCOME|Y|50400
0|FAM|Y|@F152@
1|HUSB|Y|Michael Centeno
1|WIFE|Y|Sonia Peters
1|CHIL|Y|Danielle Centeno
2|AGE|Y|11
1|CHIL|Y|Timothy Centeno
2|AGE|Y|5
1|CHIL|Y|Allan Centeno
2|AGE|Y|20
1|CHIL|Y|Erick Centeno
2|AGE|Y|5
1|CHIL|Y|Glenna Centeno
2|AGE|Y|18
1|INCOME|Y|46600
0|FAM|Y|@F153@
1|HUSB|Y|Edward Hall
1|WIFE|Y|Virginia Reddout
1|CHIL|Y|Susan Hall
2|AGE|Y|21
1|INCOME|Y|54400
0|FAM|Y|@F154@
1|HUSB|Y|Joseph Hernandez
1|WIFE|Y|Jessica Chism
1|CHIL|Y|Franklin Hernandez
2|AGE|Y|1
1|CHIL|Y|Robert Hernandez
2|AGE|Y|20
1|INCOME|Y|34300
0|FAM|Y|@F155@
1|HUSB|Y|Philip Leclair
1|WIFE|Y|Mary Greggs
1|CHIL|Y|Brent Leclair
2|AGE|Y|23
1|CHIL|Y|Alexandria Leclair
2|AGE|Y|21
1|CHIL|Y|Edna Leclair
2|AGE|Y|21
1|INCOME|Y|35400
0|FAM|Y|@F156@
1|HUSB|Y|Thomas Regalado
1|WIFE|Y|Marion Isaac
1|CHIL|Y|Vickey Regalado
2|AGE|Y|23
1|CHIL|Y|Lisa Regalado
2|AGE|Y|22
1|INCOME|Y|49800
0|FAM|Y|@F157@
1|HUSB|Y|James Wiseman
1|WIFE|Y|Vickie Bushey
1|CHIL|Y|Janet Wiseman
2|AGE|Y|6
1|CHIL|Y|Leslie Wiseman
2|AGE|Y|20
1|CHIL|Y|Shannon Wiseman
2|AGE|Y|24
1|CHIL|Y|Marlene Wiseman
2|AGE|Y|4
1|INCOME|Y|42200
0|FAM|Y|@F158@
1|HUSB|Y|Ramon Cocco
1|WIFE|Y|Virginia Irvin
1|CHIL|Y|Ronnie Cocco
2|AGE|Y|21
1|CHIL|Y|Robert Cocco
2|AGE|Y|25
1|CHIL|Y|Reuben Cocco
2|AGE|Y|5
1|INCOME|Y|58400
0|FAM|Y|@F159@
1|HUSB|Y|Will Newbold
1|WIFE|Y|Jennifer Soldner
1|CHIL|Y|Dennis Newbold
2|AGE|Y|1
1|CHIL|Y|Meghann Newbold
2|AGE|Y|6
1|CHIL|Y|Bernard Newbold
2|AGE|Y|2
1|INCOME|Y|48000
0|FAM|Y|@F160@
1|HUSB|Y|Rudy Donnelly
1|WIFE|Y|Annett Moody
1|CHIL|Y|Joseph Donnelly
2|AGE|Y|12
1|INCOME|Y|47800
0|FAM|Y|@F161@
1|HUSB|Y|Jarrett Odaniel
1|WIFE|Y|Robin Gertz
1|CHIL|Y|Jennifer Odaniel
2|AGE|Y|17
1|CHIL|Y|Lynn Odaniel
2|AGE|Y|19
1|INCOME|Y|39600
0|FAM|Y|@F162@
1|HUSB|Y|James Mcintyre
1|WIFE|Y|Rose Mason
1|CHIL|Y|Sandra Mcintyre
2|AGE|Y|19
1|CHIL|Y|Joshua Mcintyre
2|AGE|Y|15
1|CHIL|Y|Evelyn Mcintyre
2|AGE|Y|20
1|INCOME|Y|69300
0|FAM|Y|@F163@
1|HUSB|Y|Fernando Bibbins
1|WIFE|Y|Lois Cunningham
1|CHIL|Y|Katherine Bibbins
2|AGE|Y|20
1|CHIL|Y|Paul Bibbins
2|AGE|Y|7
1|CHIL|Y|Misty Bibbins
2|AGE|Y|4
1|CHIL|Y|Ronnie Bibbins
2|AGE|Y|9
1|INCOME|Y|20100
0|FAM|Y|@F164@
1|HUSB|Y|Steven Murray
1|WIFE|Y|Angeline Ross
1|CHIL|Y|Lori Murray
2|AGE|Y|19
1|CHIL|Y|Margaret Murray
2|AGE|Y|2
1|CHIL|Y|Lee Murray
2|AGE|Y|22
1|INCOME|Y|63100
0|FAM|Y|@F165@
1|HUSB|Y|Robert John
1|WIFE|Y|Elizabeth Jewell
1|CHIL|Y|Raelene John
2|AGE|Y|8
1|CHIL|Y|Sean John
2|AGE|Y|21
1|INCOME|Y|37800
0|FAM|Y|@F166@
1|HUSB|Y|Ronnie Bodey
1|WIFE|Y|Rebecca Lovelace
1|CHIL|Y|Guadalupe Bodey
2|AGE|Y|19
1|CHIL|Y|Thomas Bodey
2|AGE|Y|13
1|CHIL|Y|David Bodey
2|AGE|Y|21
1|CHIL|Y|Jeffrey Bodey
2|AGE|Y|22
1|CHIL|Y|Joe Bodey
2|AGE|Y|15
1|INCOME|Y|69100
0|FAM|Y|@F167@
1|HUSB|Y|Christopher Dickens
1|WIFE|Y|Katherine Roberts
1|CHIL|Y|Constance Dickens
2|AGE|Y|16
1|CHIL|Y|Juan Dickens
2|AGE|Y|8
1|CHIL|Y|Rosa Dickens
2|AGE|Y|19
1|INCOME|Y|62600
0|FAM|Y|@F168@
1|HUSB|Y|Sergio Hamilton
1|WIFE|Y|Angela Willis
1|CHIL|Y|Carla Hamilton
2|AGE|Y|12
1|CHIL|Y|Kenneth Hamilton
2|AGE|Y|12
1|CHIL|Y|Gerald Hamilton
2|AGE|Y|21
1|CHIL|Y|Amanda Hamilton
2|AGE|Y|19
1|CHIL|Y|Stacy Hamilton
2|AGE|Y|14
1|INCOME|Y|48200
0|FAM|Y|@F169@
1|HUSB|Y|George Gonzalez
1|WIFE|Y|Eunice Morey
1|CHIL|Y|Susan Gonzalez
2|AGE|Y|3
1|CHIL|Y|Linda Gonzalez
2|AGE|Y|10
1|CHIL|Y|James Gonzalez
2|AGE|Y|4
1|CHIL|Y|Loren Gonzalez
2|AGE|Y|21
1|CHIL|Y|Ethan Gonzalez
2|AGE|Y|20
1|INCOME|Y|49100
0|FAM|Y|@F170@
1|HUSB|Y|Sidney Graham
1|WIFE|Y|Gladys Logan
1|CHIL|Y|Ruben Graham
2|AGE|Y|15
1|CHIL|Y|John Graham
2|AGE|Y|10
1|INCOME|Y|57600
0|FAM|Y|@F171@
1|HUSB|Y|Mark Janeway
1|WIFE|Y|Elizabeth Hermann
1|CHIL|Y|Mary Janeway
2|AGE|Y|3
1|CHIL|Y|Ernest Janeway
2|AGE|Y|8
1|CHIL|Y|Richard Janeway
2|AGE|Y|6
1|INCOME|Y|55000
0|FAM|Y|@F172@
1|HUSB|Y|Eric Watkins
1|WIFE|Y|Suzanne Miller
1|CHIL|Y|James Watkins
2|AGE|Y|15
1|CHIL|Y|Stephen Watkins
2|AGE|Y|5
1|CHIL|Y|Robert Watkins
2|AGE|Y|23
1|CHIL|Y|Christopher Watkins
2|AGE|Y|15
1|INCOME|Y|56400
0|FAM|Y|@F173@
1|HUSB|Y|Jason Dougherty
1|WIFE|Y|Jacqueline Pringle
1|CHIL|Y|Michael Dougherty
2|AGE|Y|25
1|INCOME|Y|51500
0|FAM|Y|@F174@
1|HUSB|Y|Thomas Goddard
1|WIFE|Y|Susan Boney
1|CHIL|Y|Francisco Goddard
2|AGE|Y|15
1|CHIL|Y|Matthew Goddard
2|AGE|Y|6
1|CHIL|Y|Justin Goddard
2|AGE|Y|4
1|CHIL|Y|Wanda Goddard
2|AGE|Y|16
1|INCOME|Y|48400
0|FAM|Y|@F175@
1|HUSB|Y|Kenneth Moultrie
1|WIFE|Y|Kim Ernst
1|CHIL|Y|Leta Moultrie
2|AGE|Y|13
1|INCOME|Y|21300
0|FAM|Y|@F176@
1|HUSB|Y|Kevin Mcreynolds
1|WIFE|Y|Joyce Mooney
1|CHIL|Y|Randal Mcreynolds
2|AGE|Y|13
1|CHIL|Y|Barbara Mcreynolds
2|AGE|Y|5
1|CHIL|Y|Melba Mcreynolds
2|AGE|Y|2
1|CHIL|Y|Alice Mcreynolds
2|AGE|Y|20
1|INCOME|Y|38900
0|FAM|Y|@F177@
1|HUSB|Y|William Howell
1|WIFE|Y|Karen Borrow
1|CHIL|Y|Arthur Howell
2|AGE|Y|25
1|CHIL|Y|Caroline Howell
2|AGE|Y|16
1|CHIL|Y|Scott Howell
2|AGE|Y|23
1|CHIL|Y|Otis Howell
2|AGE|Y|23
1|INCOME|Y|26400
0|FAM|Y|@F178@
1|HUSB|Y|Charles Champion
1|WIFE|Y|Ruth Bradshaw
1|CHIL|Y|Gary Champion
2|AGE|Y|8
1|INCOME|Y|41400
0|FAM|Y|@F179@
1|HUSB|Y|Craig Mitchell
1|WIFE|Y|Patricia Wilson
1|CHIL|Y|Esther Mitchell
2|AGE|Y|24
1|CHIL|Y|Barbara Mitchell
2|AGE|Y|7
1|CHIL|Y|Zulema Mitchell
2|AGE|Y|13
1|CHIL|Y|Robbi Mitchell
2|AGE|Y|12
1|CHIL|Y|Micheal Mitchell
2|AGE|Y|6
1|INCOME|Y|35400
0|FAM|Y|@F180@
1|HUSB|Y|Nicholas Carson
1|WIFE|Y|Andrea Williams
1|CHIL|Y|Ebony Carson
2|AGE|Y|11
1|CHIL|Y|Kenneth Carson
2|AGE|Y|17
1|CHIL|Y|Ian Carson
2|AGE|Y|16
1|INCOME|Y|61700
0|FAM|Y|@F181@
1|HUSB|Y|Richard Jewett
1|WIFE|Y|Cora Bologna
1|CHIL|Y|Eleanore Jewett
2|AGE|Y|22
1|CHIL|Y|Alice Jewett
2|AGE|Y|17
1|INCOME|Y|62800
0|FAM|Y|@F182@
1|HUSB|Y|John Gray
1|WIFE|Y|Elena Adams
1|CHIL|Y|Jeffery Gray
2|AGE|Y|15
1|CHIL|Y|Douglas Gray
2|AGE|Y|10
1|INCOME|Y|32300
0|FAM|Y|@F183@
1|HUSB|Y|Doyle Dozier
1|WIFE|Y|Judith Hill
1|CHIL|Y|Frances Dozier
2|AGE|Y|20
1|CHIL|Y|Josephine Dozier
2|AGE|Y|22
1|INCOME|Y|47000
0|FAM|Y|@F184@
1|HUSB|Y|Marvin Smith
1|WIFE|Y|Anne Miles
1|CHIL|Y|Caroline Smith
2|AGE|Y|11
1|CHIL|Y|Amanda Smith
2|AGE|Y|17
1|INCOME|Y|54900
0|FAM|Y|@F185@
1|HUSB|Y|Kenneth Harmon
1|WIFE|Y|Melanie Wooley
1|CHIL|Y|Elizabeth Harmon
2|AGE|Y|13
1|CHIL|Y|Charles Harmon
2|AGE|Y|8
1|CHIL|Y|Cecilia Harmon
2|AGE|Y|10
1|INCOME|Y|53200
0|FAM|Y|@F186@
1|HUSB|Y|Irving Lopez
1|WIFE|Y|Kathleen Carr
1|CHIL|Y|Jason Lopez
2|AGE|Y|18
1|INCOME|Y|62600
0|FAM|Y|@F187@
1|HUSB|Y|Mathew Good
1|WIFE|Y|Gina Macfarlane
1|CHIL|Y|Donald Good
2|AGE|Y|17
1|CHIL|Y|Mary Good
2|AGE|Y|14
1|INCOME|Y|36600
0|FAM|Y|@F188@
1|HUSB|Y|Alex Barnes
1|WIFE|Y|Rhonda Brinkley
1|CHIL|Y|Margaret Barnes
2|AGE|Y|22
1|CHIL|Y|Christina Barnes
2|AGE|Y|18
1|CHIL|Y|Terri Barnes
2|AGE|Y|9
1|CHIL|Y|Cynthia Barnes
2|AGE|Y|4
1|INCOME|Y|60200
0|FAM|Y|@F189@
1|HUSB|Y|Anthony Keck
1|WIFE|Y|Roxanne Rojas
1|CHIL|Y|Bobbie Keck
2|AGE|Y|19
1|CHIL|Y|Christi Keck
2|AGE|Y|22
1|CHIL|Y|William Keck
2|AGE|Y|12
1|INCOME|Y|44800
0|FAM|Y|@F190@
1|HUSB|Y|Melvin Fernandez
1|WIFE|Y|Phyllis Giglio
1|CHIL|Y|Lynnette Fernandez
2|AGE|Y|14
1|CHIL|Y|Patricia Fernandez
2|AGE|Y|21
1|INCOME|Y|26800
0|FAM|Y|@F191@
1|HUSB|Y|Joseph Takahashi
1|WIFE|Y|Barbara Brown
1|CHIL|Y|William Takahashi
2|AGE|Y|4
1|CHIL|Y|Patrick Takahashi
2|AGE|Y|25
1|CHIL|Y|Kristie Takahashi
2|AGE|Y|19
1|INCOME|Y|34600
0|FAM|Y|@F192@
1|HUSB|Y|Christopher Hutchins
1|WIFE|Y|Betty Allen
1|CHIL|Y|Chad Hutchins
2|AGE|Y|5
1|INCOME|Y|21700
0|FAM|Y|@F193@
1|HUSB|Y|Clarence Joyner
1|WIFE|Y|Barbara Vallejo
1|CHIL|Y|Timothy Joyner
2|AGE|Y|7
1|CHIL|Y|John Joyner
2|AGE|Y|15
1|CHIL|Y|Diane Joyner
2|AGE|Y|6
1|CHIL|Y|Timothy Joyner
2|AGE|Y|17
1|INCOME|Y|60600
0|FAM|Y|@F194@
1|HUSB|Y|Edward Twyman
1|WIFE|Y|Jesusa Hill
1|CHIL|Y|Nicole Twyman
2|AGE|Y|6
1|CHIL|Y|Frances Twyman
2|AGE|Y|5
1|CHIL|Y|Angela Twyman
2|AGE|Y|23
1|CHIL|Y|Adam Twyman
2|AGE|Y|24
1|INCOME|Y|65100
0|FAM|Y|@F195@
1|HUSB|Y|Yong Potter
1|WIFE|Y|Mary Kane
1|CHIL|Y|Robert Potter
2|AGE|Y|10
1|CHIL|Y|Kelly Potter
2|AGE|Y|9
1|CHIL|Y|Luis Potter
2|AGE|Y|11
1|INCOME|Y|44000
0|FAM|Y|@F196@
1|HUSB|Y|Dale Leon
1|WIFE|Y|Kristi Dews
1|CHIL|Y|Sergio Leon
2|AGE|Y|19
1|CHIL|Y|Danielle Leon
2|AGE|Y|4
1|CHIL|Y|Steve Leon
2|AGE|Y|23
1|CHIL|Y|James Leon
2|AGE|Y|15
1|CHIL|Y|Floy Leon
2|AGE|Y|15
1|INCOME|Y|52000
0|FAM|Y|@F197@
1|HUSB|Y|Chad Gethers
1|WIFE|Y|Elizabeth Tunstall
1|CHIL|Y|Donald Gethers
2|AGE|Y|10
1|CHIL|Y|Benjamin Gethers
2|AGE|Y|23
1|CHIL|Y|Louis Gethers
2|AGE|Y|2
1|CHIL|Y|Marsha Gethers
2|AGE|Y|16
1|CHIL|Y|Kathleen Gethers
2|AGE|Y|6
1|INCOME|Y|42500
0|FAM|Y|@F198@
1|HUSB|Y|David Credle
1|WIFE|Y|Pearl Robinson
1|CHIL|Y|Timothy Credle
2|AGE|Y|14
1|CHIL|Y|Mary Credle
2|AGE|Y|24
1|CHIL|Y|Clifford Credle
2|AGE|Y|13
1|CHIL|Y|Erica Credle
2|AGE|Y|25
1|INCOME|Y|30400
0|FAM|Y|@F199@
1|HUSB|Y|Ian Mills
1|WIFE|Y|Vickie Odonnell
1|CHIL|Y|Trevor Mills
2|AGE|Y|1
1|INCOME|Y|49100
0|FAM|Y|@F200@
1|HUSB|Y|Darius Kaufman
1|WIFE|Y|Elsa Cole
1|CHIL|Y|Jettie Kaufman
2|AGE|Y|22
1|CHIL|Y|Gregory Kaufman
2|AGE|Y|20
1|CHIL|Y|Christina Kaufman
2|AGE|Y|4
1|CHIL|Y|Rebecca Kaufman
2|AGE|Y|23
1|INCOME|Y|57700
0|FAM|Y|@F201@
1|HUSB|Y|Mark Thornberry
1|WIFE|Y|Mary Williams
1|CHIL|Y|Janet Thornberry
2|AGE|Y|24
1|INCOME|Y|59200
0|FAM|Y|@F202@
1|HUSB|Y|Archie Sullivan
1|WIFE|Y|Bernice Brentson
1|CHIL|Y|Vicki Sullivan
2|AGE|Y|22
1|CHIL|Y|James Sullivan
2|AGE|Y|1
1|INCOME|Y|46600
0|FAM|Y|@F203@
1|HUSB|Y|Walter Renner
1|WIFE|Y|Cheryl Stokes
1|CHIL|Y|Brian Renner
2|AGE|Y|19
1|CHIL|Y|Benjamin Renner
2|AGE|Y|18
1|CHIL|Y|Alfreda Renner
2|AGE|Y|14
1|INCOME|Y|25100
0|FAM|Y|@F204@
1|HUSB|Y|Gregory Wilson
1|WIFE|Y|Leila Catron
1|CHIL|Y|Sandra Wilson
2|AGE|Y|17
1|CHIL|Y|Verna Wilson
2|AGE|Y|18
1|CHIL|Y|Dorothy Wilson
2|AGE|Y|23
1|CHIL|Y|Heather Wilson
2|AGE|Y|14
1|INCOME|Y|53300
0|FAM|Y|@F205@
1|HUSB|Y|Mark Searchwell
1|WIFE|Y|Maria Hanes
1|CHIL|Y|Norman Searchwell
2|AGE|Y|13
1|CHIL|Y|David Searchwell
2|AGE|Y|15
1|CHIL|Y|Gary Searchwell
2|AGE|Y|7
1|CHIL|Y|Gregory Searchwell
2|AGE|Y|13
1|CHIL|Y|Bonnie Searchwell
2|AGE|Y|9
1|INCOME|Y|39900
0|FAM|Y|@F206@
1|HUSB|Y|Donte Mcvay
1|WIFE|Y|Kimberly Oliver
1|CHIL|Y|Karen Mcvay
2|AGE|Y|6
1|INCOME|Y|42800
0|FAM|Y|@F207@
1|HUSB|Y|Michael Burnette
1|WIFE|Y|Angela Montondo
1|CHIL|Y|Deborah Burnette
2|AGE|Y|8
1|CHIL|Y|James Burnette
2|AGE|Y|17
1|CHIL|Y|Clair Burnette
2|AGE|Y|1
1|CHIL|Y|Felicia Burnette
2|AGE|Y|1
1|CHIL|Y|Teresa Burnette
2|AGE|Y|13
1|INCOME|Y|46300
0|FAM|Y|@F208@
1|HUSB|Y|Kenneth Carty
1|WIFE|Y|Diana Miller
1|CHIL|Y|June Carty
2|AGE|Y|12
1|INCOME|Y|67300
0|FAM|Y|@F209@
1|HUSB|Y|Fred May
1|WIFE|Y|Deborah Luna
1|CHIL|Y|Barbara May
2|AGE|Y|16
1|CHIL|Y|Stephen May
2|AGE|Y|10
1|INCOME|Y|29600
0|FAM|Y|@F210@
1|HUSB|Y|Delmar Newman
1|WIFE|Y|Nicole Dretzka
1|CHIL|Y|Tami Newman
2|AGE|Y|20
1|CHIL|Y|Delia Newman
2|AGE|Y|4
1|CHIL|Y|Daniel Newman
2|AGE|Y|23
1|CHIL|Y|Joseph Newman
2|AGE|Y|12
1|INCOME|Y|22300
0|FAM|Y|@F211@
1|HUSB|Y|Ronnie Henderson
1|WIFE|Y|Nancy Treadway
1|CHIL|Y|Kaitlin Henderson
2|AGE|Y|5
1|CHIL|Y|Sean Henderson
2|AGE|Y|6
1|CHIL|Y|Jean Henderson
2|AGE|Y|17
1|CHIL|Y|Oscar Henderson
2|AGE|Y|16
1|INCOME|Y|67700
0|FAM|Y|@F212@
1|HUSB|Y|Adrian Reynolds
1|WIFE|Y|Kimberly Merritt
1|CHIL|Y|Willis Reynolds
2|AGE|Y|23
1|CHIL|Y|Anna Reynolds
2|AGE|Y|5
1|CHIL|Y|Arron Reynolds
2|AGE|Y|5
1|CHIL|Y|Cynthia Reynolds
2|AGE|Y|1
1|INCOME|Y|51900
0|FAM|Y|@F213@
1|HUSB|Y|Tracy Graybill
1|WIFE|Y|Beverly Smith
1|CHIL|Y|Cheryl Graybill
2|AGE|Y|5
1|INCOME|Y|57100
0|FAM|Y|@F214@
1|HUSB|Y|Keith Willey
1|WIFE|Y|Madeline Pew
1|CHIL|Y|Terry Willey
2|AGE|Y|5
1|CHIL|Y|Antonio Willey
2|AGE|Y|15
1|CHIL|Y|Wesley Willey
2|AGE|Y|7
1|CHIL|Y|David Willey
2|AGE|Y|9
1|CHIL|Y|David Willey
2|AGE|Y|1
1|INCOME|Y|26500
0|FAM|Y|@F215@
1|HUSB|Y|Floyd Mcgowen
1|WIFE|Y|Annie Russell
1|CHIL|Y|Albert Mcgowen
2|AGE|Y|24
1|INCOME|Y|59700
0|FAM|Y|@F216@
1|HUSB|Y|Robert Boldt
1|WIFE|Y|Olivia Puckett
1|CHIL|Y|Raymond Boldt
2|AGE|Y|14
1|INCOME|Y|61900
0|FAM|Y|@F217@
1|HUSB|Y|Antonio Kennedy
1|WIFE|Y|Sally Trappey
1|CHIL|Y|Ralph Kennedy
2|AGE|Y|21
1|INCOME|Y|24700
0|FAM|Y|@F218@
1|HUSB|Y|David Fuller
1|WIFE|Y|Erin Conway
1|CHIL|Y|William Fuller
2|AGE|Y|10
1|CHIL|Y|David Fuller
2|AGE|Y|22
1|INCOME|Y|41200
0|FAM|Y|@F219@
1|HUSB|Y|Delmar Camp
1|WIFE|Y|Mary Lopez
1|CHIL|Y|Ann Camp
2|AGE|Y|3
1|INCOME|Y|60200
0|FAM|Y|@F220@
1|HUSB|Y|Richie Cornwell
1|WIFE|Y|Teri Smith
1|CHIL|Y|Maurice Cornwell
2|AGE|Y|23
1|CHIL|Y|Mark Cornwell
2|AGE|Y|5
1|CHIL|Y|Gaynelle Cornwell
2|AGE|Y|15
1|CHIL|Y|Ruth Cornwell
2|AGE|Y|15
1|CHIL|Y|Jose Cornwell
2|AGE|Y|13
1|INCOME|Y|37800
0|FAM|Y|@F221@
1|HUSB|Y|Jason Williams
1|WIFE|Y|Kathleen Rice
1|CHIL|Y|Elaine Williams
2|AGE|Y|16
1|CHIL|Y|Matthew Williams
2|AGE|Y|23
1|CHIL|Y|Lawrence Williams
2|AGE|Y|12
1|CHIL|Y|Patrick Williams
2|AGE|Y|20
1|INCOME|Y|46800
0|FAM|Y|@F222@
1|HUSB|Y|Leroy Smith
1|WIFE|Y|Yolanda Calabrese
1|CHIL|Y|Karla Smith
2|AGE|Y|18
1|INCOME|Y|26000
0|FAM|Y|@F223@
1|HUSB|Y|Henry Sommer
1|WIFE|Y|Ada Spivey
1|CHIL|Y|Jefferey Sommer
2|AGE|Y|11
1|CHIL|Y|Nancy Sommer
2|AGE|Y|5
1|CHIL|Y|Ileen Sommer
2|AGE|Y|16
1|CHIL|Y|Tasha Sommer
2|AGE|Y|20
1|CHIL|Y|Gail Sommer
2|AGE|Y|20
1|INCOME|Y|38200
0|FAM|Y|@F224@
1|HUSB|Y|Adam Price
1|WIFE|Y|Teresa Walter
1|CHIL|Y|Jerome Price
2|AGE|Y|2
1|CHIL|Y|Matthew Price
2|AGE|Y|15
1|CHIL|Y|Kathleen Price
2|AGE|Y|23
1|CHIL|Y|Marie Price
2|AGE|Y|24
1|INCOME|Y|20500
0|FAM|Y|@F225@
1|HUSB|Y|Daniel Brobst
1|WIFE|Y|Kathryn Corbett
1|CHIL|Y|Giuseppe Brobst
2|AGE|Y|23
1|INCOME|Y|45100
0|FAM|Y|@F226@
1|HUSB|Y|Robert Sanders
1|WIFE|Y|Paula Rojas
1|CHIL|Y|Martin Sanders
2|AGE|Y|22
1|CHIL|Y|Billy Sanders
2|AGE|Y|2
1|CHIL|Y|Desmond Sanders
2|AGE|Y|22
1|INCOME|Y|70000
0|FAM|Y|@F227@
1|HUSB|Y|Ted Wilson
1|WIFE|Y|Linda Guzman
1|CHIL|Y|Shelia Wilson
2|AGE|Y|4
1|CHIL|Y|Maryann Wilson
2|AGE|Y|7
1|CHIL|Y|David Wilson
2|AGE|Y|14
1|CHIL|Y|Deborah Wilson
2|AGE|Y|15
1|INCOME|Y|26500
0|FAM|Y|@F228@
1|HUSB|Y|Stephen Washington
1|WIFE|Y|Mary Horne
1|CHIL|Y|Ruth Washington
2|AGE|Y|9
1|CHIL|Y|Theresa Washington
2|AGE|Y|5
1|CHIL|Y|John Washington
2|AGE|Y|6
1|CHIL|Y|John Washington
2|AGE|Y|9
1|INCOME|Y|59200
0|FAM|Y|@F229@
1|HUSB|Y|Stanley Base
1|WIFE|Y|Ana Best
1|CHIL|Y|Adam Base
2|AGE|Y|3
1|CHIL|Y|Robert Base
2|AGE|Y|5
1|CHIL|Y|James Base
2|AGE|Y|20
1|CHIL|Y|David Base
2|AGE|Y|12
1|INCOME|Y|58700
0|FAM|Y|@F230@
1|HUSB|Y|Jeremy Kossman
1|WIFE|Y|Colleen Uhm
1|CHIL|Y|Fern Kossman
2|AGE|Y|15
1|CHIL|Y|Louis Kossman
2|AGE|Y|9
1|INCOME|Y|68500
0|FAM|Y|@F231@
1|HUSB|Y|Dale Lamontagne
1|WIFE|Y|Brenda Ashley
1|CHIL|Y|Terrance Lamontagne
2|AGE|Y|2
1|CHIL|Y|Deon Lamontagne
2|AGE|Y|15
1|CHIL|Y|Rebecca Lamontagne
2|AGE|Y|4
1|INCOME|Y|34800
0|FAM|Y|@F232@
1|HUSB|Y|Ronald Bagwell
1|WIFE|Y|Christina Agrela
1|CHIL|Y|Lyle Bagwell
2|AGE|Y|13
1|CHIL|Y|Daisy Bagwell
2|AGE|Y|11
1|CHIL|Y|Kelly Bagwell
2|AGE|Y|14
1|CHIL|Y|Donna Bagwell
2|AGE|Y|12
1|CHIL|Y|Annie Bagwell
2|AGE|Y|20
1|INCOME|Y|51300
0|FAM|Y|@F233@
1|HUSB|Y|David Hendrikson
1|WIFE|Y|Joanne Olson
1|CHIL|Y|Larry Hendrikson
2|AGE|Y|1
1|CHIL|Y|Gina Hendrikson
2|AGE|Y|21
1|CHIL|Y|Goldie Hendrikson
2|AGE|Y|25
1|CHIL|Y|Johnnie Hendrikson
2|AGE|Y|16
1|CHIL|Y|Bradley Hendrikson
2|AGE|Y|20
1|INCOME|Y|52000
0|FAM|Y|@F234@
1|HUSB|Y|Robert Leko
1|WIFE|Y|Evelyn Thayer
1|CHIL|Y|Lucio Leko
2|AGE|Y|8
1|CHIL|Y|Leila Leko
2|AGE|Y|4
1|CHIL|Y|Elmira Leko
2|AGE|Y|2
1|INCOME|Y|63300
0|FAM|Y|@F235@
1|HUSB|Y|Kirk Smith
1|WIFE|Y|Bettie Irby
1|CHIL|Y|Myron Smith
2|AGE|Y|25
1|CHIL|Y|Jose Smith
2|AGE|Y|14
1|INCOME|Y|29700
0|FAM|Y|@F236@
1|HUSB|Y|William Keller
1|WIFE|Y|Karen Valentin
1|CHIL|Y|Edward Keller
2|AGE|Y|24
1|CHIL|Y|Leora Keller
2|AGE|Y|20
1|CHIL|Y|Diane Keller
2|AGE|Y|3
1|INCOME|Y|21700
0|FAM|Y|@F237@
1|HUSB|Y|Bobby Daniels
1|WIFE|Y|Jean Replogle
1|CHIL|Y|Melinda Daniels
2|AGE|Y|24
1|CHIL|Y|Lynn Daniels
2|AGE|Y|21
1|CHIL|Y|Warren Daniels
2|AGE|Y|15
1|INCOME|Y|50500
0|FAM|Y|@F238@
1|HUSB|Y|Frederick Bickerstaff
1|WIFE|Y|Virginia Holyfield
1|CHIL|Y|Timothy Bickerstaff
2|AGE|Y|1
1|CHIL|Y|Arthur Bickerstaff
2|AGE|Y|14
1|CHIL|Y|Bryan Bickerstaff
2|AGE|Y|23
1|CHIL|Y|Alex Bickerstaff
2|AGE|Y|16
1|CHIL|Y|Violet Bickerstaff
2|AGE|Y|5
1|INCOME|Y|60500
0|FAM|Y|@F239@
1|HUSB|Y|Steven Major
1|WIFE|Y|Vera Demaray
1|CHIL|Y|Dean Major
2|AGE|Y|23
1|CHIL|Y|Darnell Major
2|AGE|Y|17
1|CHIL|Y|Joseph Major
2|AGE|Y|13
1|CHIL|Y|Bernice Major
2|AGE|Y|9
1|INCOME|Y|58800
0|FAM|Y|@F240@
1|HUSB|Y|Kenneth Flores
1|WIFE|Y|Jennie Salters
1|CHIL|Y|Vickie Flores
2|AGE|Y|23
1|CHIL|Y|Antonia Flores
2|AGE|Y|21
1|CHIL|Y|David Flores
2|AGE|Y|8
1|CHIL|Y|Lora Flores
2|AGE|Y|25
1|CHIL|Y|Brittany Flores
2|AGE|Y|17
1|INCOME|Y|38800
0|FAM|Y|@F241@
1|HUSB|Y|William Lambert
1|WIFE|Y|Antoinette Christian
1|CHIL|Y|Alan Lambert
2|AGE|Y|7
1|INCOME|Y|54600
0|FAM|Y|@F242@
1|HUSB|Y|Steven Martinez
1|WIFE|Y|Cassandra Berger
1|CHIL|Y|Nancy Martinez
2|AGE|Y|17
1|CHIL|Y|Antonio Martinez
2|AGE|Y|8
1|CHIL|Y|Victoria Martinez
2|AGE|Y|7
1|INCOME|Y|42700
0|FAM|Y|@F243@
1|HUSB|Y|Raul Poling
1|WIFE|Y|Cecila Harry
1|CHIL|Y|Stacy Poling
2|AGE|Y|4
1|INCOME|Y|48300
0|FAM|Y|@F244@
1|HUSB|Y|Lee Bonilla
1|WIFE|Y|Laura Deshay
1|CHIL|Y|Ardis Bonilla
2|AGE|Y|13
1|CHIL|Y|Diana Bonilla
2|AGE|Y|11
1|CHIL|Y|Edmund Bonilla
2|AGE|Y|7
1|CHIL|Y|Jeremy Bonilla
2|AGE|Y|8
1|CHIL|Y|Albert Bonilla
2|AGE|Y|15
1|INCOME|Y|29300
0|FAM|Y|@F245@
1|HUSB|Y|Marcus Yousef
1|WIFE|Y|Yetta Carleton
1|CHIL|Y|David Yousef
2|AGE|Y|11
1|CHIL|Y|Patrick Yousef
2|AGE|Y|25
1|CHIL|Y|Claudia Yousef
2|AGE|Y|15
1|INCOME|Y|21000
0|FAM|Y|@F246@
1|HUSB|Y|Thomas Espinoza
1|WIFE|Y|Teresa Mastrangelo
1|CHIL|Y|Norma Espinoza
2|AGE|Y|8
1|CHIL|Y|William Espinoza
2|AGE|Y|5
1|INCOME|Y|54600
0|FAM|Y|@F247@
1|HUSB|Y|Jerry Hendrix
1|WIFE|Y|Lorraine Jaynes
1|CHIL|Y|Jon Hendrix
2|AGE|Y|14
1|INCOME|Y|56400
0|FAM|Y|@F248@
1|HUSB|Y|Joseph Ny
1|WIFE|Y|Amy Guzman
1|CHIL|Y|Barbara Ny
2|AGE|Y|19
1|CHIL|Y|Darrel Ny
2|AGE|Y|18
1|INCOME|Y|34600
0|FAM|Y|@F249@
1|HUSB|Y|Ike Zahri
1|WIFE|Y|Michelle Devlin
1|CHIL|Y|Darrell Zahri
2|AGE|Y|8
1|CHIL|Y|Eric Zahri
2|AGE|Y|17
1|CHIL|Y|Malcolm Zahri
2|AGE|Y|2
1|INCOME|Y|34800
0|FAM|Y|@F250@
1|HUSB|Y|Emerson Correa
1|WIFE|Y|Annie Miller
1|CHIL|Y|Harry Correa
2|AGE|Y|15
1|CHIL|Y|Daniel Correa
2|AGE|Y|2
1|CHIL|Y|Tyra Correa
2|AGE|Y|3
1|INCOME|Y|34600
0|FAM|Y|@F251@
1|HUSB|Y|Stanley Clevenger
1|WIFE|Y|Sherry Abrew
1|CHIL|Y|Kim Clevenger
2|AGE|Y|19
1|CHIL|Y|Joseph Clevenger
2|AGE|Y|2
1|CHIL|Y|Mary Clevenger
2|AGE|Y|20
1|CHIL|Y|Vilma Clevenger
2|AGE|Y|12
1|CHIL|Y|Kimberly Clevenger
2|AGE|Y|8
1|INCOME|Y|39300
0|FAM|Y|@F252@
1|HUSB|Y|Steve Flores
1|WIFE|Y|Sharon Dixie
1|CHIL|Y|Alberta Flores
2|AGE|Y|7
1|CHIL|Y|James Flores
2|AGE|Y|12
1|CHIL|Y|Juan Flores
2|AGE|Y|3
1|INCOME|Y|61200
0|FAM|Y|@F253@
1|HUSB|Y|Charles Olmstead
1|WIFE|Y|Sylvia Stewart
1|CHIL|Y|Jazmin Olmstead
2|AGE|Y|2
1|CHIL|Y|Norma Olmstead
2|AGE|Y|21
1|CHIL|Y|Michael Olmstead
2|AGE|Y|20
1|INCOME|Y|51900
0|FAM|Y|@F254@
1|HUSB|Y|Manuel Woodard
1|WIFE|Y|Charlene Lewis
1|CHIL|Y|William Woodard
2|AGE|Y|25
1|CHIL|Y|Terry Woodard
2|AGE|Y|21
1|CHIL|Y|Misty Woodard
2|AGE|Y|15
1|CHIL|Y|Philip Woodard
2|AGE|Y|21
1|CHIL|Y|Frank Woodard
2|AGE|Y|6
1|INCOME|Y|31700
0|FAM|Y|@F255@
1|HUSB|Y|Jason Wojcik
1|WIFE|Y|Lisa Wells
1|CHIL|Y|Jessica Wojcik
2|AGE|Y|7
1|CHIL|Y|Linda Wojcik
2|AGE|Y|5
1|INCOME|Y|60900
0|FAM|Y|@F256@
1|HUSB|Y|Thomas Flores
1|WIFE|Y|Ma Maples
1|CHIL|Y|Todd Flores
2|AGE|Y|2
1|CHIL|Y|William Flores
2|AGE|Y|7
1|CHIL|Y|Irene Flores
2|AGE|Y|13
1|INCOME|Y|44800
0|FAM|Y|@F257@
1|HUSB|Y|Thomas Dupre
1|WIFE|Y|Gail Jones
1|CHIL|Y|Jennifer Dupre
2|AGE|Y|20
1|CHIL|Y|Nancy Dupre
2|AGE|Y|23
1|CHIL|Y|Charles Dupre
2|AGE|Y|4
1|INCOME|Y|25600
0|FAM|Y|@F258@
1|HUSB|Y|Kyle Goldhirsh
1|WIFE|Y|Lorraine Thompson
1|CHIL|Y|Frederick Goldhirsh
2|AGE|Y|20
1|CHIL|Y|Patrick Goldhirsh
2|AGE|Y|15
1|CHIL|Y|Shelley Goldhirsh
2|AGE|Y|9
1|INCOME|Y|65100
0|FAM|Y|@F259@
1|HUSB|Y|Charles Watts
1|WIFE|Y|Robin Ingram
1|CHIL|Y|Scott Watts
2|AGE|Y|8
1|CHIL|Y|Margo Watts
2|AGE|Y|2
1|CHIL|Y|Patrice Watts
2|AGE|Y|21
1|INCOME|Y|69700
0|FAM|Y|@F260@
1|HUSB|Y|William Edwards
1|WIFE|Y|Ginger Worley
1|CHIL|Y|Florence Edwards
2|AGE|Y|6
1|INCOME|Y|48400
0|FAM|Y|@F261@
1|HUSB|Y|Douglas Starr
1|WIFE|Y|Jean Owens
1|CHIL|Y|Gary Starr
2|AGE|Y|4
1|INCOME|Y|35600
0|FAM|Y|@F262@
1|HUSB|Y|Anthony Newsome
1|WIFE|Y|Viola Gonzalez
1|CHIL|Y|Thomas Newsome
2|AGE|Y|9
1|CHIL|Y|Rachel Newsome
2|AGE|Y|22
1|CHIL|Y|Celia Newsome
2|AGE|Y|2
1|CHIL|Y|Luther Newsome
2|AGE|Y|5
1|CHIL|Y|Leroy Newsome
2|AGE|Y|14
1|INCOME|Y|46800
0|FAM|Y|@F263@
1|HUSB|Y|Dean Garretson
1|WIFE|Y|Marcie Larve
1|CHIL|Y|Amanda Garretson
2|AGE|Y|20
1|CHIL|Y|Jessica Garretson
2|AGE|Y|24
1|CHIL|Y|Joshua Garretson
2|AGE|Y|15
1|CHIL|Y|Jessica Garretson
2|AGE|Y|11
1|INCOME|Y|25500
0|FAM|Y|@F264@
1|HUSB|Y|Raymond Force
1|WIFE|Y|Rachel Shuler
1|CHIL|Y|Joe Force
2|AGE|Y|18
1|INCOME|Y|61900
0|FAM|Y|@F265@
1|HUSB|Y|Michael Maddox
1|WIFE|Y|Anita Heppler
1|CHIL|Y|Rosa Maddox
2|AGE|Y|25
1|CHIL|Y|Mark Maddox
2|AGE|Y|9
1|CHIL|Y|Ann Maddox
2|AGE|Y|9
1|CHIL|Y|Juan Maddox
2|AGE|Y|16
1|CHIL|Y|Laura Maddox
2|AGE|Y|15
1|INCOME|Y|28200
0|FAM|Y|@F266@
1|HUSB|Y|Gregory Mcguire
1|WIFE|Y|Sadie Ransom
1|CHIL|Y|Tony Mcguire
2|AGE|Y|15
1|INCOME|Y|28400
0|FAM|Y|@F267@
1|HUSB|Y|Emmanuel Schmidt
1|WIFE|Y|Nina Moffitt
1|CHIL|Y|Amber Schmidt
2|AGE|Y|2
1|CHIL|Y|Linda Schmidt
2|AGE|Y|13
1|CHIL|Y|Merle Schmidt
2|AGE|Y|25
1|CHIL|Y|Jerry Schmidt
2|AGE|Y|14
1|CHIL|Y|Geraldo Schmidt
2|AGE|Y|21
1|INCOME|Y|38700
0|FAM|Y|@F268@
1|HUSB|Y|Ross Workman
1|WIFE|Y|Annette Abbott
1|CHIL|Y|Timothy Workman
2|AGE|Y|16
1|CHIL|Y|Raymond Workman
2|AGE|Y|12
1|CHIL|Y|Francis Workman
2|AGE|Y|21
1|INCOME|Y|52600
0|FAM|Y|@F269@
1|HUSB|Y|Frank Gonzalez
1|WIFE|Y|Dorothy Bruton
1|CHIL|Y|Robert Gonzalez
2|AGE|Y|6
1|CHIL|Y|Dorothy Gonzalez
2|AGE|Y|6
1|CHIL|Y|Steve Gonzalez
2|AGE|Y|21
1|CHIL|Y|Alisha Gonzalez
2|AGE|Y|20
1|INCOME|Y|32600
0|FAM|Y|@F270@
1|HUSB|Y|Robert Nilsson
1|WIFE|Y|Vanessa Stephens
1|CHIL|Y|Michael Nilsson
2|AGE|Y|11
1|CHIL|Y|Daniel Nilsson
2|AGE|Y|22
1|CHIL|Y|Carol Nilsson
2|AGE|Y|10
1|CHIL|Y|Brian Nilsson
2|AGE|Y|12
1|INCOME|Y|30100
0|FAM|Y|@F271@
1|HUSB|Y|Robert Parker
1|WIFE|Y|Nancy Moore
1|CHIL|Y|Janet Parker
2|AGE|Y|23
1|CHIL|Y|Robert Parker
2|AGE|Y|12
1|CHIL|Y|Theresa Parker
2|AGE|Y|25
1|CHIL|Y|Haley Parker
2|AGE|Y|11
1|CHIL|Y|Mathew Parker
2|AGE|Y|21
1|INCOME|Y|38100
0|FAM|Y|@F272@
1|HUSB|Y|David Davidson
1|WIFE|Y|Sharon Nordes
1|CHIL|Y|James Davidson
2|AGE|Y|14
1|CHIL|Y|Emily Davidson
2|AGE|Y|11
1|CHIL|Y|Wesley Davidson
2|AGE|Y|15
1|CHIL|Y|Gladys Davidson
2|AGE|Y|23
1|CHIL|Y|Keith Davidson
2|AGE|Y|21
1|INCOME|Y|36600
0|FAM|Y|@F273@
1|HUSB|Y|George Williams
1|WIFE|Y|Ruthie Douglas
1|CHIL|Y|Anthony Williams
2|AGE|Y|11
1|CHIL|Y|Ruth Williams
2|AGE|Y|1
1|CHIL|Y|Elizabeth Williams
2|AGE|Y|11
1|INCOME|Y|21500
0|FAM|Y|@F274@
1|HUSB|Y|Nicholas Baker
1|WIFE|Y|Sue Vargas
1|CHIL|Y|Scott Baker
2|AGE|Y|1
1|CHIL|Y|Leo Baker
2|AGE|Y|25
1|INCOME|Y|27800
0|FAM|Y|@F275@
1|HUSB|Y|Jose Ponce
1|WIFE|Y|Josephine Mathis
1|CHIL|Y|Lori Ponce
2|AGE|Y|16
1|INCOME|Y|53600
0|FAM|Y|@F276@
1|HUSB|Y|James Morales
1|WIFE|Y|Tina Baker
1|CHIL|Y|David Morales
2|AGE|Y|13
1|CHIL|Y|Veronica Morales
2|AGE|Y|8
1|CHIL|Y|Andy Morales
2|AGE|Y|7
1|CHIL|Y|Ruth Morales
2|AGE|Y|25
1|CHIL|Y|Harriet Morales
2|AGE|Y|13
1|INCOME|Y|57900
0|FAM|Y|@F277@
1|HUSB|Y|Steven Holbach
1|WIFE|Y|Shirley Courter
1|CHIL|Y|Margaret Holbach
2|AGE|Y|13
1|CHIL|Y|Dennis Holbach
2|AGE|Y|4
1|CHIL|Y|Marie Holbach
2|AGE|Y|12
1|CHIL|Y|Thomas Holbach
2|AGE|Y|12
1|CHIL|Y|Nicholas Holbach
2|AGE|Y|13
1|INCOME|Y|30600
0|FAM|Y|@F278@
1|HUSB|Y|Lowell Lee
1|WIFE|Y|Susan Hanson
1|CHIL|Y|Salvatore Lee
2|AGE|Y|14
1|CHIL|Y|Wilfred Lee
2|AGE|Y|9
1|INCOME|Y|28200
0|FAM|Y|@F279@
1|HUSB|Y|Sheldon Sanchez
1|WIFE|Y|Nadine Parlato
1|CHIL|Y|Matthew Sanchez
2|AGE|Y|19
1|CHIL|Y|Annie Sanchez
2|AGE|Y|18
1|CHIL|Y|Mary Sanchez
2|AGE|Y|25
1|CHIL|Y|Lila Sanchez
2|AGE|Y|11
1|CHIL|Y|Kellie Sanchez
2|AGE|Y|25
1|INCOME|Y|41700
0|FAM|Y|@F280@
1|HUSB|Y|Derek Thomas
1|WIFE|Y|Natalie Todd
1|CHIL|Y|Angela Thomas
2|AGE|Y|12
1|CHIL|Y|Kareem Thomas
2|AGE|Y|17
1|CHIL|Y|Jeremy Thomas
2|AGE|Y|9
1|CHIL|Y|Georgia Thomas
2|AGE|Y|23
1|CHIL|Y|Angela Thomas
2|AGE|Y|4
1|INCOME|Y|37400
0|FAM|Y|@F281@
1|HUSB|Y|Terry Cowles
1|WIFE|Y|Andrea Smith
1|CHIL|Y|Christine Cowles
2|AGE|Y|1
1|CHIL|Y|Kelly Cowles
2|AGE|Y|18
1|CHIL|Y|Cassaundra Cowles
2|AGE|Y|19
1|INCOME|Y|57400
0|FAM|Y|@F282@
1|HUSB|Y|Barry Fanning
1|WIFE|Y|Mary Brogan
1|CHIL|Y|Gladys Fanning
2|AGE|Y|7
1|CHIL|Y|Gloria Fanning
2|AGE|Y|7
1|INCOME|Y|55700
0|FAM|Y|@F283@
1|HUSB|Y|Richard Hess
1|WIFE|Y|Beth Mcdonald
1|CHIL|Y|Lisa Hess
2|AGE|Y|19
1|CHIL|Y|Kimberly Hess
2|AGE|Y|23
1|CHIL|Y|Troy Hess
2|AGE|Y|13
1|CHIL|Y|Marcia Hess
2|AGE|Y|17
1|CHIL|Y|Edith Hess
2|AGE|Y|14
1|INCOME|Y|30500
0|FAM|Y|@F284@
1|HUSB|Y|Mac Cooper
1|WIFE|Y|Irene Recalde
1|CHIL|Y|James Cooper
2|AGE|Y|12
1|CHIL|Y|Alexis Cooper
2|AGE|Y|22
1|CHIL|Y|Margaret Cooper
2|AGE|Y|2
1|CHIL|Y|Anita Cooper
2|AGE|Y|6
1|INCOME|Y|33500
0|FAM|Y|@F285@
1|HUSB|Y|Brian Joubert
1|WIFE|Y|Sarah Welch
1|CHIL|Y|Jennifer Joubert
2|AGE|Y|6
1|CHIL|Y|Alejandro Joubert
2|AGE|Y|3
1|INCOME|Y|37300
0|FAM|Y|@F286@
1|HUSB|Y|Kent Driver
1|WIFE|Y|Barbara Fewell
1|CHIL|Y|Daniel Driver
2|AGE|Y|20
1|INCOME|Y|61400
0|FAM|Y|@F287@
1|HUSB|Y|Randy Santoyo
1|WIFE|Y|Josephine Whitaker
1|CHIL|Y|Mark Santoyo
2|AGE|Y|5
1|CHIL|Y|Zachary Santoyo
2|AGE|Y|11
1|CHIL|Y|Kevin Santoyo
2|AGE|Y|18
1|CHIL|Y|Roman Santoyo
2|AGE|Y|24
1|CHIL|Y|Eunice Santoyo
2|AGE|Y|3
1|INCOME|Y|43200
0|FAM|Y|@F288@
1|HUSB|Y|Donald Lukasiewicz
1|WIFE|Y|Gina Seed
1|CHIL|Y|Elizabeth Lukasiewicz
2|AGE|Y|3
1|CHIL|Y|Michael Lukasiewicz
2|AGE|Y|22
1|CHIL|Y|Nicholas Lukasiewicz
2|AGE|Y|7
1|CHIL|Y|Eddie Lukasiewicz
2|AGE|Y|25
1|INCOME|Y|29400
0|FAM|Y|@F289@
1|HUSB|Y|Alonzo Lafleche
1|WIFE|Y|Jessica Quinn
1|CHIL|Y|Jeff Lafleche
2|AGE|Y|9
1|CHIL|Y|Valarie Lafleche
2|AGE|Y|1
1|CHIL|Y|Jose Lafleche
2|AGE|Y|9
1|CHIL|Y|Michael Lafleche
2|AGE|Y|23
1|CHIL|Y|John Lafleche
2|AGE|Y|9
1|INCOME|Y|43200
0|FAM|Y|@F290@
1|HUSB|Y|Roger Weems
1|WIFE|Y|Lisa Gilliland
1|CHIL|Y|Sally Weems
2|AGE|Y|11
1|INCOME|Y|54300
0|FAM|Y|@F291@
1|HUSB|Y|Charles Morgan
1|WIFE|Y|Ramona Lindsay
1|CHIL|Y|Donna Morgan
2|AGE|Y|7
1|CHIL|Y|Glenda Morgan
2|AGE|Y|17
1|CHIL|Y|Randell Morgan
2|AGE|Y|9
1|INCOME|Y|60900
0|FAM|Y|@F292@
1|HUSB|Y|Ramon Decelles
1|WIFE|Y|Sandra Dorich
1|CHIL|Y|Christine Decelles
2|AGE|Y|2
1|CHIL|Y|Stephen Decelles
2|AGE|Y|2
1|CHIL|Y|Charles Decelles
2|AGE|Y|3
1|CHIL|Y|Albert Decelles
2|AGE|Y|19
1|INCOME|Y|41600
0|FAM|Y|@F293@
1|HUSB|Y|Dennis Lawrence
1|WIFE|Y|Gladys Weems
1|CHIL|Y|Timothy Lawrence
2|AGE|Y|14
1|CHIL|Y|Lindsay Lawrence
2|AGE|Y|13
1|INCOME|Y|28900
0|FAM|Y|@F294@
1|HUSB|Y|Jerry Boothe
1|WIFE|Y|Jane Morris
1|CHIL|Y|Lorenzo Boothe
2|AGE|Y|10
1|CHIL|Y|Richard Boothe
2|AGE|Y|17
1|INCOME|Y|30100
0|FAM|Y|@F295@
1|HUSB|Y|Jason Mims
1|WIFE|Y|Briana Schofield
1|CHIL|Y|Delia Mims
2|AGE|Y|12
1|INCOME|Y|23300
0|FAM|Y|@F296@
1|HUSB|Y|Edward Kincaid
1|WIFE|Y|Gladys Stivers
1|CHIL|Y|Benjamin Kincaid
2|AGE|Y|19
1|CHIL|Y|Michael Kincaid
2|AGE|Y|14
1|CHIL|Y|Zachery Kincaid
2|AGE|Y|4
1|CHIL|Y|Dorothy Kincaid
2|AGE|Y|16
1|CHIL|Y|Austin Kincaid
2|AGE|Y|13
1|INCOME|Y|23900
0|FAM|Y|@F297@
1|HUSB|Y|Kenneth Dammeyer
1|WIFE|Y|Sofia Price
1|CHIL|Y|Beatriz Dammeyer
2|AGE|Y|25
1|CHIL|Y|Michael Dammeyer
2|AGE|Y|17
1|INCOME|Y|32900
0|FAM|Y|@F298@
1|HUSB|Y|Carter Stucker
1|WIFE|Y|Evelyn Helbig
1|CHIL|Y|Bryce Stucker
2|AGE|Y|17
1|CHIL|Y|Richard Stucker
2|AGE|Y|4
1|CHIL|Y|Michael Stucker
2|AGE|Y|8
1|CHIL|Y|Helen Stucker
2|AGE|Y|20
1|INCOME|Y|56200
0|FAM|Y|@F299@
1|HUSB|Y|Albert Meeks
1|WIFE|Y|Ethel Cox
1|CHIL|Y|Joseph Meeks
2|AGE|Y|11
1|INCOME|Y|54000
0|FAM|Y|@F300@
1|HUSB|Y|Len Konwinski
1|WIFE|Y|Audrey Rojas
1|CHIL|Y|Becky Konwinski
2|AGE|Y|14
1|CHIL|Y|Joshua Konwinski
2|AGE|Y|11
1|CHIL|Y|Oscar Konwinski
2|AGE|Y|17
1|CHIL|Y|Grace Konwinski
2|AGE|Y|19
1|CHIL|Y|Emily Konwinski
2|AGE|Y|8
1|INCOME|Y|31200
0|FAM|Y|@F301@
1|HUSB|Y|Lee Jewett
1|CHIL|Y|Stacey Jewett
2|AGE|Y|15
1|CHIL|Y|Michael Jewett
2|AGE|Y|11
1|CHIL|Y|John Jewett
2|AGE|Y|11
1|INCOME|Y|64800
0|FAM|Y|@F302@
1|HUSB|Y|Michael Silva
1|CHIL|Y|Diego Silva
2|AGE|Y|6
1|CHIL|Y|Charles Silva
2|AGE|Y|9
1|CHIL|Y|Charles Silva
2|AGE|Y|13
1|CHIL|Y|John Silva
2|AGE|Y|17
1|INCOME|Y|40100
0|FAM|Y|@F303@
1|HUSB|Y|Dave Lopez
1|CHIL|Y|Lena Lopez
2|AGE|Y|24
1|CHIL|Y|Ruby Lopez
2|AGE|Y|6
1|CHIL|Y|Rhona Lopez
2|AGE|Y|16
1|CHIL|Y|Brian Lopez
2|AGE|Y|6
1|INCOME|Y|55200
0|FAM|Y|@F304@
1|HUSB|Y|Thomas Holland
1|CHIL|Y|Debra Holland
2|AGE|Y|1
1|CHIL|Y|Sharon Holland
2|AGE|Y|14
1|CHIL|Y|Jeremiah Holland
2|AGE|Y|20
1|INCOME|Y|33700
0|FAM|Y|@F305@
1|HUSB|Y|Richard Graham
1|CHIL|Y|James Graham
2|AGE|Y|25
1|CHIL|Y|Dennis Graham
2|AGE|Y|14
1|CHIL|Y|Richard Graham
2|AGE|Y|10
1|INCOME|Y|58300
0|FAM|Y|@F306@
1|HUSB|Y|Gilberto King
1|CHIL|Y|Teresa King
2|AGE|Y|21
1|CHIL|Y|Robert King
2|AGE|Y|13
1|CHIL|Y|Sarah King
2|AGE|Y|3
1|INCOME|Y|53800
0|FAM|Y|@F307@
1|HUSB|Y|Robert Aponte
1|CHIL|Y|Laura Aponte
2|AGE|Y|23
1|CHIL|Y|Eric Aponte
2|AGE|Y|1
1|CHIL|Y|Laura Aponte
2|AGE|Y|10
1|CHIL|Y|Michael Aponte
2|AGE|Y|4
1|CHIL|Y|James Aponte
2|AGE|Y|18
1|INCOME|Y|62900
0|FAM|Y|@F308@
1|HUSB|Y|Juan Stanley
1|CHIL|Y|Malinda Stanley
2|AGE|Y|13
1|CHIL|Y|Anthony Stanley
2|AGE|Y|8
1|CHIL|Y|Barbara Stanley
2|AGE|Y|5
1|INCOME|Y|53000
0|FAM|Y|@F309@
1|HUSB|Y|Curtis Johnson
1|CHIL|Y|Alan Johnson
2|AGE|Y|19
1|CHIL|Y|Christian Johnson
2|AGE|Y|25
1|INCOME|Y|29900
0|FAM|Y|@F310@
1|HUSB|Y|William Caruana
1|CHIL|Y|Jeffrey Caruana
2|AGE|Y|2
1|CHIL|Y|Ricardo Caruana
2|AGE|Y|1
1|CHIL|Y|Jessica Caruana
2|AGE|Y|4
1|INCOME|Y|34100
0|FAM|Y|@F311@
1|HUSB|Y|Lorenzo Staker
1|CHIL|Y|Luke Staker
2|AGE|Y|14
1|CHIL|Y|Brandon Staker
2|AGE|Y|21
1|CHIL|Y|Dana Staker
2|AGE|Y|10
1|INCOME|Y|52000
0|FAM|Y|@F312@
1|HUSB|Y|Louis Gilbert
1|CHIL|Y|Kimberly Gilbert
2|AGE|Y|16
1|INCOME|Y|34900
0|FAM|Y|@F313@
1|HUSB|Y|Elias Odaniel
1|CHIL|Y|Claudie Odaniel
2|AGE|Y|10
1|CHIL|Y|Donald Odaniel
2|AGE|Y|17
1|INCOME|Y|62200
0|FAM|Y|@F314@
1|HUSB|Y|Jack Sanchez
1|CHIL|Y|James Sanchez
2|AGE|Y|18
1|CHIL|Y|Dorothy Sanchez
2|AGE|Y|10
1|INCOME|Y|47600
0|FAM|Y|@F315@
1|HUSB|Y|Howard Allen
1|CHIL|Y|Lance Allen
2|AGE|Y|14
1|INCOME|Y|54400
0|FAM|Y|@F316@
1|HUSB|Y|Robert Williamson
1|CHIL|Y|Joan Williamson
2|AGE|Y|11
1|CHIL|Y|Tobias Williamson
2|AGE|Y|18
1|CHIL|Y|Dale Williamson
2|AGE|Y|1
1|CHIL|Y|Anne Williamson
2|AGE|Y|16
1|INCOME|Y|65700
0|FAM|Y|@F317@
1|HUSB|Y|Billy Mcdowell
1|CHIL|Y|Albert Mcdowell
2|AGE|Y|4
1|CHIL|Y|Ada Mcdowell
2|AGE|Y|13
1|INCOME|Y|29500
0|FAM|Y|@F318@
1|HUSB|Y|Brandon Winter
1|CHIL|Y|David Winter
2|AGE|Y|10
1|CHIL|Y|Norman Winter
2|AGE|Y|15
1|CHIL|Y|Pamela Winter
2|AGE|Y|12
1|CHIL|Y|John Winter
2|AGE|Y|12
1|CHIL|Y|Marilyn Winter
2|AGE|Y|11
1|INCOME|Y|60900
0|FAM|Y|@F319@
1|HUSB|Y|Steve Manser
1|CHIL|Y|Gary Manser
2|AGE|Y|17
1|CHIL|Y|Tanya Manser
2|AGE|Y|16
1|INCOME|Y|62900
0|FAM|Y|@F320@
1|HUSB|Y|Matthew Lundberg
1|CHIL|Y|Anthony Lundberg
2|AGE|Y|24
1|CHIL|Y|Sharon Lundberg
2|AGE|Y|9
1|CHIL|Y|Roberto Lundberg
2|AGE|Y|18
1|INCOME|Y|68700
0|FAM|Y|@F321@
1|HUSB|Y|Gary Morgan
1|CHIL|Y|Laura Morgan
2|AGE|Y|19
1|CHIL|Y|Eldridge Morgan
2|AGE|Y|13
1|CHIL|Y|Mary Morgan
2|AGE|Y|6
1|CHIL|Y|Jennifer Morgan
2|AGE|Y|8
1|CHIL|Y|Mohammad Morgan
2|AGE|Y|22
1|INCOME|Y|40800
0|FAM|Y|@F322@
1|HUSB|Y|Leon Mattingly
1|CHIL|Y|Virginia Mattingly
2|AGE|Y|13
1|CHIL|Y|Shane Mattingly
2|AGE|Y|4
1|CHIL|Y|Robert Mattingly
2|AGE|Y|14
1|CHIL|Y|Brian Mattingly
2|AGE|Y|24
1|INCOME|Y|55600
0|FAM|Y|@F323@
1|HUSB|Y|Lee Lewis
1|CHIL|Y|Suzanne Lewis
2|AGE|Y|19
1|CHIL|Y|Levi Lewis
2|AGE|Y|18
1|CHIL|Y|Bobby Lewis
2|AGE|Y|4
1|INCOME|Y|24200
0|FAM|Y|@F324@
1|HUSB|Y|Danny Hottle
1|CHIL|Y|Flossie Hottle
2|AGE|Y|7
1|INCOME|Y|30800
0|FAM|Y|@F325@
1|HUSB|Y|John Mackenzie
1|CHIL|Y|Jeffrey Mackenzie
2|AGE|Y|10
1|CHIL|Y|Morgan Mackenzie
2|AGE|Y|2
1|CHIL|Y|Mark Mackenzie
2|AGE|Y|15
1|CHIL|Y|Denise Mackenzie
2|AGE|Y|21
1|INCOME|Y|62500
0|FAM|Y|@F326@
1|HUSB|Y|Richard Farmer
1|CHIL|Y|Michelle Farmer
2|AGE|Y|8
1|INCOME|Y|43400
0|FAM|Y|@F327@
1|HUSB|Y|Kenneth Wallace
1|CHIL|Y|Gloria Wallace
2|AGE|Y|4
1|CHIL|Y|Esther Wallace
2|AGE|Y|22
1|INCOME|Y|59500
0|FAM|Y|@F328@
1|HUSB|Y|Adrian Piatt
1|CHIL|Y|Bessie Piatt
2|AGE|Y|14
1|CHIL|Y|Keith Piatt
2|AGE|Y|16
1|CHIL|Y|Philip Piatt
2|AGE|Y|23
1|CHIL|Y|Antionette Piatt
2|AGE|Y|18
1|INCOME|Y|30300
0|FAM|Y|@F329@
1|HUSB|Y|Curtis Fernandez
1|CHIL|Y|Dana Fernandez
2|AGE|Y|9
1|CHIL|Y|Pamela Fernandez
2|AGE|Y|17
1|CHIL|Y|Van Fernandez
2|AGE|Y|19
1|INCOME|Y|52400
0|FAM|Y|@F330@
1|HUSB|Y|Gregory Williams
1|CHIL|Y|Philip Williams
2|AGE|Y|23
1|CHIL|Y|Jennie Williams
2|AGE|Y|23
1|CHIL|Y|James Williams
2|AGE|Y|11
1|INCOME|Y|25700
0|FAM|Y|@F331@
1|HUSB|Y|Kyle Robertson
1|CHIL|Y|Marshall Robertson
2|AGE|Y|2
1|CHIL|Y|Robert Robertson
2|AGE|Y|4
1|CHIL|Y|Nicole Robertson
2|AGE|Y|17
1|CHIL|Y|Celia Robertson
2|AGE|Y|18
1|INCOME|Y|52400
0|FAM|Y|@F332@
1|HUSB|Y|Kurt Rios
1|CHIL|Y|Candace Rios
2|AGE|Y|25
1|INCOME|Y|33300
0|FAM|Y|@F333@
1|HUSB|Y|Gerald Ferguson
1|CHIL|Y|George Ferguson
2|AGE|Y|8
1|INCOME|Y|24700
0|FAM|Y|@F334@
1|HUSB|Y|Joshua Dishaw
1|CHIL|Y|Christopher Dishaw
2|AGE|Y|22
1|CHIL|Y|Leslie Dishaw
2|AGE|Y|6
1|CHIL|Y|Florence Dishaw
2|AGE|Y|16
1|CHIL|Y|Jeff Dishaw
2|AGE|Y|5
1|INCOME|Y|61700
0|FAM|Y|@F335@
1|HUSB|Y|James Dufilho
1|CHIL|Y|Emily Dufilho
2|AGE|Y|10
1|CHIL|Y|Therese Dufilho
2|AGE|Y|11
1|CHIL|Y|Freddie Dufilho
2|AGE|Y|3
1|CHIL|Y|Brett Dufilho
2|AGE|Y|24
1|INCOME|Y|41400
0|FAM|Y|@F336@
1|HUSB|Y|Warren Burridge
1|CHIL|Y|Mildred Burridge
2|AGE|Y|6
1|INCOME|Y|23600
0|FAM|Y|@F337@
1|HUSB|Y|Benny Lyons
1|CHIL|Y|Jeffrey Lyons
2|AGE|Y|8
1|CHIL|Y|Evan Lyons
2|AGE|Y|20
1|CHIL|Y|Joanne Lyons
2|AGE|Y|21
1|INCOME|Y|65900
0|FAM|Y|@F338@
1|HUSB|Y|Dale Russell
1|CHIL|Y|William Russell
2|AGE|Y|17
1|CHIL|Y|Paul Russell
2|AGE|Y|18
1|CHIL|Y|Kenneth Russell
2|AGE|Y|12
1|CHIL|Y|Cynthia Russell
2|AGE|Y|18
1|INCOME|Y|46800
0|FAM|Y|@F339@
1|HUSB|Y|Eric Patillo
1|CHIL|Y|Norman Patillo
2|AGE|Y|7
1|CHIL|Y|Fred Patillo
2|AGE|Y|23
1|INCOME|Y|41900
0|FAM|Y|@F340@
1|HUSB|Y|George Tshudy
1|CHIL|Y|Jeremiah Tshudy
2|AGE|Y|20
1|CHIL|Y|Anna Tshudy
2|AGE|Y|8
1|CHIL|Y|Alexander Tshudy
2|AGE|Y|15
1|INCOME|Y|28500
0|FAM|Y|@F341@
1|HUSB|Y|Richard Franklin
1|CHIL|Y|Joselyn Franklin
2|AGE|Y|16
1|CHIL|Y|Marvin Franklin
2|AGE|Y|25
1|CHIL|Y|Dennis Franklin
2|AGE|Y|9
1|CHIL|Y|Stephen Franklin
2|AGE|Y|25
1|CHIL|Y|Terrence Franklin
2|AGE|Y|7
1|INCOME|Y|57400
0|FAM|Y|@F342@
1|HUSB|Y|Robert Delao
1|CHIL|Y|Lynda Delao
2|AGE|Y|16
1|CHIL|Y|Richard Delao
2|AGE|Y|24
1|INCOME|Y|45100
0|FAM|Y|@F343@
1|HUSB|Y|Richard Sylvain
1|CHIL|Y|Pearl Sylvain
2|AGE|Y|7
1|INCOME|Y|37200
0|FAM|Y|@F344@
1|HUSB|Y|Edward Batchelor
1|CHIL|Y|Sheri Batchelor
2|AGE|Y|10
1|CHIL|Y|Cheryl Batchelor
2|AGE|Y|5
1|CHIL|Y|Nancy Batchelor
2|AGE|Y|3
1|CHIL|Y|Remona Batchelor
2|AGE|Y|6
1|INCOME|Y|47000
0|FAM|Y|@F345@
1|HUSB|Y|Steven Scroggins
1|CHIL|Y|James Scroggins
2|AGE|Y|23
1|CHIL|Y|Richard Scroggins
2|AGE|Y|19
1|INCOME|Y|45200
0|FAM|Y|@F346@
1|HUSB|Y|Rod Bolton
1|CHIL|Y|Jennifer Bolton
2|AGE|Y|11
1|INCOME|Y|69800
0|FAM|Y|@F347@
1|HUSB|Y|Victor Minick
1|CHIL|Y|Robin Minick
2|AGE|Y|22
1|INCOME|Y|37200
0|FAM|Y|@F348@
1|HUSB|Y|Hector Posey
1|CHIL|Y|Lawrence Posey
2|AGE|Y|12
1|CHIL|Y|Carmel Posey
2|AGE|Y|23
1|INCOME|Y|54000
0|FAM|Y|@F349@
1|HUSB|Y|Keith Bakke
1|CHIL|Y|Kevin Bakke
2|AGE|Y|7
1|INCOME|Y|61400
0|FAM|Y|@F350@
1|HUSB|Y|Edgar Strange
1|CHIL|Y|John Strange
2|AGE|Y|22
1|CHIL|Y|Margaret Strange
2|AGE|Y|3
1|CHIL|Y|Mark Strange
2|AGE|Y|14
1|CHIL|Y|Kimberly Strange
2|AGE|Y|1
1|INCOME|Y|38600
0|FAM|Y|@F351@
1|HUSB|Y|Peter Legere
1|CHIL|Y|Joan Legere
2|AGE|Y|23
1|CHIL|Y|James Legere
2|AGE|Y|8
1|INCOME|Y|56000
0|FAM|Y|@F352@
1|HUSB|Y|Robert Durst
1|CHIL|Y|Anne Durst
2|AGE|Y|12
1|CHIL|Y|Marion Durst
2|AGE|Y|25
1|CHIL|Y|Mario Durst
2|AGE|Y|21
1|CHIL|Y|Myrtle Durst
2|AGE|Y|4
1|INCOME|Y|62400
0|FAM|Y|@F353@
1|HUSB|Y|Fred Bachrach
1|CHIL|Y|Bobby Bachrach
2|AGE|Y|10
1|CHIL|Y|Aaron Bachrach
2|AGE|Y|2
1|CHIL|Y|Robert Bachrach
2|AGE|Y|1
1|INCOME|Y|57300
0|FAM|Y|@F354@
1|HUSB|Y|Daniel Dean
1|CHIL|Y|Barbara Dean
2|AGE|Y|12
1|CHIL|Y|Ann Dean
2|AGE|Y|11
1|CHIL|Y|Danielle Dean
2|AGE|Y|4
1|CHIL|Y|Joyce Dean
2|AGE|Y|20
1|INCOME|Y|40300
0|FAM|Y|@F355@
1|HUSB|Y|Paul Johnson
1|CHIL|Y|Rebecca Johnson
2|AGE|Y|15
1|CHIL|Y|Gregory Johnson
2|AGE|Y|22
1|CHIL|Y|Jesus Johnson
2|AGE|Y|7
1|INCOME|Y|63500
0|FAM|Y|@F356@
1|HUSB|Y|Rusty Farris
1|CHIL|Y|Rebecca Farris
2|AGE|Y|8
1|CHIL|Y|Courtney Farris
2|AGE|Y|16
1|CHIL|Y|Brinda Farris
2|AGE|Y|11
1|CHIL|Y|Jeff Farris
2|AGE|Y|19
1|CHIL|Y|Joseph Farris
2|AGE|Y|19
1|INCOME|Y|57800
0|FAM|Y|@F357@
1|HUSB|Y|Bob Mcknight
1|CHIL|Y|Kris Mcknight
2|AGE|Y|13
1|CHIL|Y|Joe Mcknight
2|AGE|Y|3
1|CHIL|Y|Robert Mcknight
2|AGE|Y|24
1|CHIL|Y|Molly Mcknight
2|AGE|Y|16
1|INCOME|Y|53700
0|FAM|Y|@F358@
1|HUSB|Y|Nicholas Williams
1|CHIL|Y|Patricia Williams
2|AGE|Y|23
1|CHIL|Y|Herman Williams
2|AGE|Y|19
1|CHIL|Y|Jeff Williams
2|AGE|Y|4
1|CHIL|Y|Joseph Williams
2|AGE|Y|2
1|INCOME|Y|50200
0|FAM|Y|@F359@
1|HUSB|Y|John Walden
1|CHIL|Y|Jamie Walden
2|AGE|Y|2
1|CHIL|Y|Daisy Walden
2|AGE|Y|9
1|INCOME|Y|64300
0|FAM|Y|@F360@
1|HUSB|Y|Michael Harari
1|CHIL|Y|Katherine Harari
2|AGE|Y|11
1|INCOME|Y|45600
0|FAM|Y|@F361@
1|HUSB|Y|Daniel Lance
1|CHIL|Y|Jason Lance
2|AGE|Y|2
1|CHIL|Y|Shirley Lance
2|AGE|Y|20
1|CHIL|Y|Traci Lance
2|AGE|Y|8
1|CHIL|Y|Gregory Lance
2|AGE|Y|10
1|INCOME|Y|56600
0|FAM|Y|@F362@
1|HUSB|Y|Alfred Reed
1|CHIL|Y|Larry Reed
2|AGE|Y|15
1|CHIL|Y|Peter Reed
2|AGE|Y|12
1|INCOME|Y|36200
0|FAM|Y|@F363@
1|HUSB|Y|Brent Stewart
1|CHIL|Y|Sharon Stewart
2|AGE|Y|2
1|CHIL|Y|Melissa Stewart
2|AGE|Y|8
1|CHIL|Y|Robert Stewart
2|AGE|Y|7
1|CHIL|Y|April Stewart
2|AGE|Y|13
1|INCOME|Y|52700
0|FAM|Y|@F364@
1|HUSB|Y|Eddie Pena
1|CHIL|Y|Vikki Pena
2|AGE|Y|25
1|INCOME|Y|33200
0|FAM|Y|@F365@
1|HUSB|Y|Kenneth Pettis
1|CHIL|Y|Geralyn Pettis
2|AGE|Y|7
1|CHIL|Y|Thomas Pettis
2|AGE|Y|5
1|INCOME|Y|50400
0|FAM|Y|@F366@
1|HUSB|Y|Michael William
1|CHIL|Y|Jennifer William
2|AGE|Y|6
1|CHIL|Y|Jeffrey William
2|AGE|Y|20
1|CHIL|Y|Jacob William
2|AGE|Y|2
1|CHIL|Y|Donald William
2|AGE|Y|6
1|CHIL|Y|Pamela William
2|AGE|Y|25
1|INCOME|Y|37000
0|FAM|Y|@F367@
1|HUSB|Y|Patrick Scott
1|CHIL|Y|Kevin Scott
2|AGE|Y|22
1|CHIL|Y|Jorge Scott
2|AGE|Y|16
1|CHIL|Y|Thomas Scott
2|AGE|Y|19
1|INCOME|Y|25200
0|FAM|Y|@F368@
1|HUSB|Y|Fletcher Landes
1|CHIL|Y|Heather Landes
2|AGE|Y|11
1|CHIL|Y|Kathy Landes
2|AGE|Y|8
1|CHIL|Y|Ivan Landes
2|AGE|Y|24
1|INCOME|Y|20000
0|FAM|Y|@F369@
1|HUSB|Y|Robert Little
1|CHIL|Y|Beverly Little
2|AGE|Y|5
1|CHIL|Y|David Little
2|AGE|Y|22
1|INCOME|Y|20100
0|FAM|Y|@F370@
1|HUSB|Y|Jason Carr
1|CHIL|Y|George Carr
2|AGE|Y|7
1|CHIL|Y|John Carr
2|AGE|Y|1
1|CHIL|Y|Melvin Carr
2|AGE|Y|17
1|INCOME|Y|49400
0|FAM|Y|@F371@
1|HUSB|Y|Patrick Rosser
1|CHIL|Y|Amber Rosser
2|AGE|Y|13
1|CHIL|Y|Jimmy Rosser
2|AGE|Y|16
1|CHIL|Y|Audrey Rosser
2|AGE|Y|11
1|CHIL|Y|Linwood Rosser
2|AGE|Y|8
1|CHIL|Y|Lina Rosser
2|AGE|Y|20
1|INCOME|Y|52200
0|FAM|Y|@F372@
1|HUSB|Y|Jon Smith
1|CHIL|Y|Jerold Smith
2|AGE|Y|12
1|CHIL|Y|Stephanie Smith
2|AGE|Y|3
1|CHIL|Y|Rhonda Smith
2|AGE|Y|22
1|CHIL|Y|Ronald Smith
2|AGE|Y|25
1|CHIL|Y|Maria Smith
2|AGE|Y|19
1|INCOME|Y|39600
0|FAM|Y|@F373@
1|HUSB|Y|Miguel Pineda
1|CHIL|Y|Seth Pineda
2|AGE|Y|16
1|CHIL|Y|Carla Pineda
2|AGE|Y|12
1|CHIL|Y|Roger Pineda
2|AGE|Y|2
1|INCOME|Y|46200
0|FAM|Y|@F374@
1|HUSB|Y|Douglas Casey
1|CHIL|Y|Gary Casey
2|AGE|Y|24
1|CHIL|Y|Deidra Casey
2|AGE|Y|23
1|CHIL|Y|Jessica Casey
2|AGE|Y|12
1|INCOME|Y|67800
0|FAM|Y|@F375@
1|HUSB|Y|Kevin Andrews
1|CHIL|Y|Mary Andrews
2|AGE|Y|16
1|CHIL|Y|Jessica Andrews
2|AGE|Y|9
1|CHIL|Y|Gary Andrews
2|AGE|Y|3
1|CHIL|Y|Scott Andrews
2|AGE|Y|17
1|INCOME|Y|36300
0|FAM|Y|@F376@
1|HUSB|Y|Matthew Carr
1|CHIL|Y|Dale Carr
2|AGE|Y|16
1|CHIL|Y|Henry Carr
2|AGE|Y|1
1|INCOME|Y|69000
0|FAM|Y|@F377@
1|HUSB|Y|Irving Franks
1|CHIL|Y|Henry Franks
2|AGE|Y|14
1|CHIL|Y|Scott Franks
2|AGE|Y|4
1|CHIL|Y|Daisy Franks
2|AGE|Y|5
1|CHIL|Y|Camille Franks
2|AGE|Y|16
1|INCOME|Y|35000
0|FAM|Y|@F378@
1|HUSB|Y|Peter Hardin
1|CHIL|Y|Maxine Hardin
2|AGE|Y|24
1|CHIL|Y|Deborah Hardin
2|AGE|Y|1
1|CHIL|Y|Elizabeth Hardin
2|AGE|Y|1
1|INCOME|Y|49400
0|FAM|Y|@F379@
1|HUSB|Y|Leroy Haigh
1|CHIL|Y|Michael Haigh
2|AGE|Y|23
1|CHIL|Y|Alex Haigh
2|AGE|Y|3
1|CHIL|Y|Sarah Haigh
2|AGE|Y|15
1|CHIL|Y|Mary Haigh
2|AGE|Y|5
1|CHIL|Y|Todd Haigh
2|AGE|Y|18
1|INCOME|Y|66000
0|FAM|Y|@F380@
1|HUSB|Y|Dennis Johnson
1|CHIL|Y|Suzanne Johnson
2|AGE|Y|18
1|CHIL|Y|Michael Johnson
2|AGE|Y|1
1|CHIL|Y|Shirley Johnson
2|AGE|Y|4
1|CHIL|Y|Lee Johnson
2|AGE|Y|13
1|INCOME|Y|63800
0|FAM|Y|@F381@
1|HUSB|Y|Tony Cheek
1|CHIL|Y|Rosa Cheek
2|AGE|Y|11
1|CHIL|Y|Norbert Cheek
2|AGE|Y|20
1|INCOME|Y|49900
0|FAM|Y|@F382@
1|HUSB|Y|Bryan Rogers
1|CHIL|Y|Michael Rogers
2|AGE|Y|6
1|INCOME|Y|69500
0|FAM|Y|@F383@
1|HUSB|Y|Thomas Powell
1|CHIL|Y|Rose Powell
2|AGE|Y|17
1|CHIL|Y|Ila Powell
2|AGE|Y|23
1|INCOME|Y|66100
0|FAM|Y|@F384@
1|HUSB|Y|Tommy Duke
1|CHIL|Y|John Duke
2|AGE|Y|7
1|INCOME|Y|34100
0|FAM|Y|@F385@
1|HUSB|Y|Timothy Holton
1|CHIL|Y|Trinidad Holton
2|AGE|Y|12
1|CHIL|Y|Michael Holton
2|AGE|Y|23
1|CHIL|Y|Ralph Holton
2|AGE|Y|14
1|CHIL|Y|Jean Holton
2|AGE|Y|22
1|INCOME|Y|21300
0|FAM|Y|@F386@
1|HUSB|Y|Wallace Austin
1|CHIL|Y|Yvonne Austin
2|AGE|Y|9
1|CHIL|Y|Joseph Austin
2|AGE|Y|11
1|CHIL|Y|Chasity Austin
2|AGE|Y|22
1|CHIL|Y|Lynn Austin
2|AGE|Y|24
1|INCOME|Y|48700
0|FAM|Y|@F387@
1|HUSB|Y|John Garcia
1|CHIL|Y|Margaret Garcia
2|AGE|Y|21
1|CHIL|Y|Eric Garcia
2|AGE|Y|23
1|INCOME|Y|57900
0|FAM|Y|@F388@
1|HUSB|Y|Scott Kuziel
1|CHIL|Y|Karen Kuziel
2|AGE|Y|22
1|INCOME|Y|55100
0|FAM|Y|@F389@
1|HUSB|Y|James Morris
1|CHIL|Y|Edward Morris
2|AGE|Y|22
1|CHIL|Y|Barry Morris
2|AGE|Y|15
1|CHIL|Y|Margarita Morris
2|AGE|Y|7
1|INCOME|Y|30700
0|FAM|Y|@F390@
1|HUSB|Y|Eddie Trinidad
1|CHIL|Y|Harvey Trinidad
2|AGE|Y|22
1|CHIL|Y|Diana Trinidad
2|AGE|Y|13
1|CHIL|Y|Lloyd Trinidad
2|AGE|Y|2
1|CHIL|Y|Deborah Trinidad
2|AGE|Y|13
1|CHIL|Y|Roy Trinidad
2|AGE|Y|23
1|INCOME|Y|59000
0|FAM|Y|@F391@
1|HUSB|Y|Peter Tacadina
1|CHIL|Y|Amy Tacadina
2|AGE|Y|14
1|CHIL|Y|Christopher Tacadina
2|AGE|Y|18
1|CHIL|Y|Brittaney Tacadina
2|AGE|Y|11
1|INCOME|Y|58900
0|FAM|Y|@F392@
1|HUSB|Y|Frank Burton
1|CHIL|Y|Joe Burton
2|AGE|Y|16
1|INCOME|Y|69400
0|FAM|Y|@F393@
1|HUSB|Y|Robert Wren
1|CHIL|Y|Mabel Wren
2|AGE|Y|14
1|CHIL|Y|Gary Wren
2|AGE|Y|4
1|CHIL|Y|Mario Wren
2|AGE|Y|12
1|INCOME|Y|26200
0|FAM|Y|@F394@
1|HUSB|Y|Joshua Mcgrath
1|CHIL|Y|Bart Mcgrath
2|AGE|Y|13
1|CHIL|Y|Matthew Mcgrath
2|AGE|Y|10
1|INCOME|Y|43200
0|FAM|Y|@F395@
1|HUSB|Y|Ronald Levine
1|CHIL|Y|Lawrence Levine
2|AGE|Y|19
1|CHIL|Y|Mary Levine
2|AGE|Y|11
1|CHIL|Y|Edward Levine
2|AGE|Y|25
1|CHIL|Y|Teresa Levine
2|AGE|Y|1
1|CHIL|Y|James Levine
2|AGE|Y|22
1|INCOME|Y|33300
0|FAM|Y|@F396@
1|HUSB|Y|Myron Shipman
1|CHIL|Y|Laura Shipman
2|AGE|Y|21
1|CHIL|Y|Kathryn Shipman
2|AGE|Y|16
1|CHIL|Y|Minerva Shipman
2|AGE|Y|13
1|INCOME|Y|51000
0|FAM|Y|@F397@
1|HUSB|Y|Patrick Pitts
1|CHIL|Y|Michael Pitts
2|AGE|Y|25
1|CHIL|Y|Victoria Pitts
2|AGE|Y|24
1|INCOME|Y|55900
0|FAM|Y|@F398@
1|HUSB|Y|Jerry Rogers
1|CHIL|Y|Richard Rogers
2|AGE|Y|11
1|CHIL|Y|William Rogers
2|AGE|Y|19
1|CHIL|Y|Christopher Rogers
2|AGE|Y|14
1|CHIL|Y|Rita Rogers
2|AGE|Y|8
1|INCOME|Y|36100
0|FAM|Y|@F399@
1|HUSB|Y|Victor Cox
1|CHIL|Y|Jan Cox
2|AGE|Y|3
1|CHIL|Y|Matthew Cox
2|AGE|Y|13
1|CHIL|Y|Brian Cox
2|AGE|Y|3
1|INCOME|Y|55400
0|FAM|Y|@F400@
1|HUSB|Y|John Beatty
1|CHIL|Y|Jason Beatty
2|AGE|Y|6
1|CHIL|Y|Jose Beatty
2|AGE|Y|6
1|CHIL|Y|Julie Beatty
2|AGE|Y|6
1|INCOME|Y|53800
0|FAM|Y|@F401@
1|WIFE|Y|Sharon Attridge
1|CHIL|Y|Minnie Thomsen
2|AGE|Y|10
1|CHIL|Y|Paul Thomsen
2|AGE|Y|25
1|CHIL|Y|Patrick Thomsen
2|AGE|Y|24
1|CHIL|Y|Nancy Thomsen
2|AGE|Y|11
1|INCOME|Y|48800
0|FAM|Y|@F402@
1|WIFE|Y|Erin Wilkins
1|CHIL|Y|Jerry Krueger
2|AGE|Y|7
1|CHIL|Y|Samuel Krueger
2|AGE|Y|2
1|CHIL|Y|James Krueger
2|AGE|Y|12
1|CHIL|Y|Edna Krueger
2|AGE|Y|8
1|CHIL|Y|Robert Krueger
2|AGE|Y|3
1|INCOME|Y|24000
0|FAM|Y|@F403@
1|WIFE|Y|Martha Toller
1|CHIL|Y|Frank Carney
2|AGE|Y|22
1|INCOME|Y|49100
0|FAM|Y|@F404@
1|WIFE|Y|Jessica Brown
1|CHIL|Y|Mary Schmidt
2|AGE|Y|7
1|CHIL|Y|Daniel Schmidt
2|AGE|Y|21
1|INCOME|Y|65400
0|FAM|Y|@F405@
1|WIFE|Y|Verna Hester
1|CHIL|Y|Charles Lucas
2|AGE|Y|11
1|CHIL|Y|Hazel Lucas
2|AGE|Y|10
1|INCOME|Y|22600
0|FAM|Y|@F406@
1|WIFE|Y|Annmarie Rosel
1|CHIL|Y|Verna Thornton
2|AGE|Y|3
1|CHIL|Y|Janet Thornton
2|AGE|Y|15
1|CHIL|Y|Bobby Thornton
2|AGE|Y|15
1|INCOME|Y|32700
0|FAM|Y|@F407@
1|WIFE|Y|Marilyn Deckman
1|CHIL|Y|Christine Slaton
2|AGE|Y|1
1|INCOME|Y|55900
0|FAM|Y|@F408@
1|WIFE|Y|Wanda Thornsberry
1|CHIL|Y|Bobby Adams
2|AGE|Y|5
1|CHIL|Y|John Adams
2|AGE|Y|6
1|CHIL|Y|Donald Adams
2|AGE|Y|18
1|INCOME|Y|42600
0|FAM|Y|@F409@
1|WIFE|Y|Jennifer Jones
1|CHIL|Y|William Koss
2|AGE|Y|18
1|CHIL|Y|Martin Koss
2|AGE|Y|4
1|CHIL|Y|Catherine Koss
2|AGE|Y|17
1|CHIL|Y|Kristi Koss
2|AGE|Y|6
1|CHIL|Y|Patsy Koss
2|AGE|Y|5
1|INCOME|Y|36300
0|FAM|Y|@F410@
1|WIFE|Y|Caryl Rawson
1|CHIL|Y|Coleman Turner
2|AGE|Y|14
1|CHIL|Y|Lorena Turner
2|AGE|Y|7
1|CHIL|Y|Eugene Turner
2|AGE|Y|21
1|CHIL|Y|Donald Turner
2|AGE|Y|2
1|CHIL|Y|Dwayne Turner
2|AGE|Y|8
1|INCOME|Y|29600
0|FAM|Y|@F411@
1|WIFE|Y|Myong Littlefield
1|CHIL|Y|Harry Weaver
2|AGE|Y|12
1|CHIL|Y|Eddie Weaver
2|AGE|Y|5
1|CHIL|Y|Karen Weaver
2|AGE|Y|22
1|CHIL|Y|Sean Weaver
2|AGE|Y|10
1|CHIL|Y|Eugene Weaver
2|AGE|Y|3
1|INCOME|Y|45500
0|FAM|Y|@F412@
1|WIFE|Y|Tammy Reeve
1|CHIL|Y|Dwayne Sheppard
2|AGE|Y|2
1|CHIL|Y|James Sheppard
2|AGE|Y|15
1|INCOME|Y|53900
0|FAM|Y|@F413@
1|WIFE|Y|Elma Fenn
1|CHIL|Y|Kyle Aust
2|AGE|Y|8
1|CHIL|Y|Matthew Aust
2|AGE|Y|3
1|CHIL|Y|Thomas Aust
2|AGE|Y|11
1|CHIL|Y|Judith Aust
2|AGE|Y|16
1|INCOME|Y|28900
0|FAM|Y|@F414@
1|WIFE|Y|Nancy Cohen
1|CHIL|Y|Steven Dawes
2|AGE|Y|20
1|CHIL|Y|Robert Dawes
2|AGE|Y|20
1|CHIL|Y|Charles Dawes
2|AGE|Y|20
1|INCOME|Y|40100
0|FAM|Y|@F415@
1|WIFE|Y|Yasuko Halsted
1|CHIL|Y|Holly Andujar
2|AGE|Y|18
1|CHIL|Y|Ralph Andujar
2|AGE|Y|19
1|CHIL|Y|Amy Andujar
2|AGE|Y|13
1|CHIL|Y|Joe Andujar
2|AGE|Y|5
1|CHIL|Y|Jane Andujar
2|AGE|Y|5
1|INCOME|Y|32900
0|FAM|Y|@F416@
1|WIFE|Y|Julie Rose
1|CHIL|Y|Robin Gillikin
2|AGE|Y|25
1|CHIL|Y|Al Gillikin
2|AGE|Y|10
1|CHIL|Y|Kathryn Gillikin
2|AGE|Y|19
1|INCOME|Y|55300
0|FAM|Y|@F417@
1|WIFE|Y|Jean Madden
1|CHIL|Y|Evelyn Curry
2|AGE|Y|17
1|CHIL|Y|Sadie Curry
2|AGE|Y|13
1|CHIL|Y|Jeannette Curry
2|AGE|Y|17
1|CHIL|Y|Veronica Curry
2|AGE|Y|21
1|INCOME|Y|68500
0|FAM|Y|@F418@
1|WIFE|Y|Christina Beach
1|CHIL|Y|Mark Downing
2|AGE|Y|1
1|CHIL|Y|Katherine Downing
2|AGE|Y|21
1|INCOME|Y|21400
0|FAM|Y|@F419@
1|WIFE|Y|Georgia Roccio
1|CHIL|Y|Lovie Wiggin
2|AGE|Y|8
1|CHIL|Y|Virgil Wiggin
2|AGE|Y|12
1|INCOME|Y|27400
0|FAM|Y|@F420@
1|WIFE|Y|Monica Hebert
1|CHIL|Y|Hollie Roberts
2|AGE|Y|11
1|CHIL|Y|Benjamin Roberts
2|AGE|Y|8
1|CHIL|Y|Gerardo Roberts
2|AGE|Y|19
1|CHIL|Y|Heather Roberts
2|AGE|Y|24
1|CHIL|Y|Gilberto Roberts
2|AGE|Y|6
1|INCOME|Y|50600
0|FAM|Y|@F421@
1|WIFE|Y|Mae Hammack
1|CHIL|Y|Robert Pierce
2|AGE|Y|24
1|CHIL|Y|Phillip Pierce
2|AGE|Y|23
1|INCOME|Y|46800
0|FAM|Y|@F422@
1|WIFE|Y|Nora Clark
1|CHIL|Y|Stacey Jennings
2|AGE|Y|22
1|INCOME|Y|39300
0|FAM|Y|@F423@
1|WIFE|Y|Geraldine Cloyd
1|CHIL|Y|Virginia Ivory
2|AGE|Y|2
1|CHIL|Y|Clarence Ivory
2|AGE|Y|13
1|INCOME|Y|45700
0|FAM|Y|@F424@
1|WIFE|Y|Dorothy Gibson
1|CHIL|Y|Adele Strong
2|AGE|Y|25
1|CHIL|Y|Amy Strong
2|AGE|Y|5
1|CHIL|Y|Dolores Strong
2|AGE|Y|21
1|CHIL|Y|Megan Strong
2|AGE|Y|7
1|CHIL|Y|Jacqueline Strong
2|AGE|Y|17
1|INCOME|Y|24300
0|FAM|Y|@F425@
1|WIFE|Y|Kimberly Green
1|CHIL|Y|Elaine Culver
2|AGE|Y|17
1|INCOME|Y|38700
0|FAM|Y|@F426@
1|WIFE|Y|Stella Colley
1|CHIL|Y|David Joiner
2|AGE|Y|18
1|INCOME|Y|57000
0|FAM|Y|@F427@
1|WIFE|Y|Nicole Saldivar
1|CHIL|Y|Raymond Justice
2|AGE|Y|7
1|CHIL|Y|Stephanie Justice
2|AGE|Y|25
1|INCOME|Y|24300
0|FAM|Y|@F428@
1|WIFE|Y|Ciera Thomas
1|CHIL|Y|Joshua Williams
2|AGE|Y|14
1|CHIL|Y|Donna Williams
2|AGE|Y|21
1|CHIL|Y|Paul Williams
2|AGE|Y|4
1|CHIL|Y|Herbert Williams
2|AGE|Y|17
1|CHIL|Y|Daniel Williams
2|AGE|Y|11
1|INCOME|Y|37500
0|FAM|Y|@F429@
1|WIFE|Y|Vivian Moreno
1|CHIL|Y|Daniell Dixon
2|AGE|Y|1
1|CHIL|Y|Marshall Dixon
2|AGE|Y|5
1|CHIL|Y|Norma Dixon
2|AGE|Y|6
1|CHIL|Y|Shirley Dixon
2|AGE|Y|1
1|INCOME|Y|32000
0|FAM|Y|@F430@
1|WIFE|Y|Nancy Krumholz
1|CHIL|Y|Mary Pearson
2|AGE|Y|19
1|INCOME|Y|66900
0|FAM|Y|@F431@
1|WIFE|Y|Katie Briney
1|CHIL|Y|William Sykes
2|AGE|Y|21
1|CHIL|Y|Stacey Sykes
2|AGE|Y|15
1|CHIL|Y|Louise Sykes
2|AGE|Y|17
1|INCOME|Y|69600
0|FAM|Y|@F432@
1|WIFE|Y|Tammy Rapp
1|CHIL|Y|John Williams
2|AGE|Y|17
1|CHIL|Y|Kenneth Williams
2|AGE|Y|7
1|CHIL|Y|Clyde Williams
2|AGE|Y|9
1|INCOME|Y|24600
0|FAM|Y|@F433@
1|WIFE|Y|Saundra Berryman
1|CHIL|Y|Frank Howard
2|AGE|Y|18
1|CHIL|Y|John Howard
2|AGE|Y|2
1|CHIL|Y|Howard Howard
2|AGE|Y|17
1|CHIL|Y|Anthony Howard
2|AGE|Y|25
1|INCOME|Y|44800
0|FAM|Y|@F434@
1|WIFE|Y|Rita Giraldo
1|CHIL|Y|Edward Khan
2|AGE|Y|1
1|CHIL|Y|John Khan
2|AGE|Y|2
1|CHIL|Y|Mary Khan
2|AGE|Y|22
1|INCOME|Y|62400
0|FAM|Y|@F435@
1|WIFE|Y|Renate Smith
1|CHIL|Y|Joe Winslow
2|AGE|Y|19
1|CHIL|Y|Ralph Winslow
2|AGE|Y|8
1|CHIL|Y|Elaine Winslow
2|AGE|Y|8
1|CHIL|Y|Alejandro Winslow
2|AGE|Y|25
1|CHIL|Y|Edwardo Winslow
2|AGE|Y|23
1|INCOME|Y|41200
0|FAM|Y|@F436@
1|WIFE|Y|Ruth Hargett
1|CHIL|Y|Stephen Devenny
2|AGE|Y|7
1|CHIL|Y|Sandra Devenny
2|AGE|Y|6
1|INCOME|Y|38400
0|FAM|Y|@F437@
1|WIFE|Y|Ruthe Mori
1|CHIL|Y|Linda Robbins
2|AGE|Y|7
1|INCOME|Y|30400
0|FAM|Y|@F438@
1|WIFE|Y|Laura Tyler
1|CHIL|Y|Margareta Cook
2|AGE|Y|7
1|CHIL|Y|Alicia Cook
2|AGE|Y|17
1|INCOME|Y|54400
0|FAM|Y|@F439@
1|WIFE|Y|Kimberly Kercher
1|CHIL|Y|Sharon Hancock
2|AGE|Y|4
1|CHIL|Y|Michael Hancock
2|AGE|Y|15
1|CHIL|Y|Trevor Hancock
2|AGE|Y|19
1|CHIL|Y|Suzanne Hancock
2|AGE|Y|7
1|CHIL|Y|Ray Hancock
2|AGE|Y|13
1|INCOME|Y|65700
0|FAM|Y|@F440@
1|WIFE|Y|Lorrie Espinal
1|CHIL|Y|Jacob Gilliam
2|AGE|Y|10
1|CHIL|Y|Carol Gilliam
2|AGE|Y|8
1|CHIL|Y|Jolene Gilliam
2|AGE|Y|21
1|CHIL|Y|Tracy Gilliam
2|AGE|Y|22
1|CHIL|Y|Tyler Gilliam
2|AGE|Y|7
1|INCOME|Y|56000
0|FAM|Y|@F441@
1|WIFE|Y|Deborah Niess
1|CHIL|Y|Robert Schultz
2|AGE|Y|5
1|CHIL|Y|Ronald Schultz
2|AGE|Y|3
1|CHIL|Y|Anna Schultz
2|AGE|Y|12
1|CHIL|Y|Jeanie Schultz
2|AGE|Y|1
1|INCOME|Y|23300
0|FAM|Y|@F442@
1|WIFE|Y|Laura Snow
1|CHIL|Y|Bruce Holloway
2|AGE|Y|1
1|CHIL|Y|Diane Holloway
2|AGE|Y|15
1|CHIL|Y|Lisa Holloway
2|AGE|Y|9
1|CHIL|Y|Michael Holloway
2|AGE|Y|18
1|INCOME|Y|33800
0|FAM|Y|@F443@
1|WIFE|Y|Gwendolyn Nader
1|CHIL|Y|Eileen Coe
2|AGE|Y|5
1|INCOME|Y|60100
0|FAM|Y|@F444@
1|WIFE|Y|Olivia Bowl
1|CHIL|Y|Keith Bode
2|AGE|Y|1
1|CHIL|Y|Frances Bode
2|AGE|Y|18
1|INCOME|Y|59700
0|FAM|Y|@F445@
1|WIFE|Y|Marsha Luna
1|CHIL|Y|Victoria Johnson
2|AGE|Y|11
1|CHIL|Y|Steven Johnson
2|AGE|Y|25
1|CHIL|Y|Joan Johnson
2|AGE|Y|23
1|CHIL|Y|Kristopher Johnson
2|AGE|Y|3
1|CHIL|Y|Carol Johnson
2|AGE|Y|18
1|INCOME|Y|21800
0|FAM|Y|@F446@
1|WIFE|Y|Garnet So
1|CHIL|Y|Robert Carroll
2|AGE|Y|2
1|INCOME|Y|47700
0|FAM|Y|@F447@
1|WIFE|Y|Ruth Patton
1|CHIL|Y|Gloria Sheridan
2|AGE|Y|20
1|INCOME|Y|69700
0|FAM|Y|@F448@
1|WIFE|Y|Shasta Brown
1|CHIL|Y|Simone Alicea
2|AGE|Y|24
1|INCOME|Y|62500
0|FAM|Y|@F449@
1|WIFE|Y|Shanon Burt
1|CHIL|Y|Antonio Coons
2|AGE|Y|6
1|INCOME|Y|53700
0|FAM|Y|@F450@
1|WIFE|Y|Kathleen Hernandez
1|CHIL|Y|Katharine Carter
2|AGE|Y|18
1|INCOME|Y|54200
0|FAM|Y|@F451@
1|WIFE|Y|Natalie Schwendinger
1|CHIL|Y|Linda Welch
2|AGE|Y|13
1|CHIL|Y|Gregory Welch
2|AGE|Y|8
1|CHIL|Y|David Welch
2|AGE|Y|5
1|CHIL|Y|John Welch
2|AGE|Y|2
1|INCOME|Y|48300
0|FAM|Y|@F452@
1|WIFE|Y|Juanita Krammes
1|CHIL|Y|Jill Roney
2|AGE|Y|24
1|CHIL|Y|Stacy Roney
2|AGE|Y|11
1|INCOME|Y|59200
0|FAM|Y|@F453@
1|WIFE|Y|Janet Jones
1|CHIL|Y|Deborah Mcbride
2|AGE|Y|25
1|INCOME|Y|44800
0|FAM|Y|@F454@
1|WIFE|Y|Kristine Harrison
1|CHIL|Y|Dominique Black
2|AGE|Y|6
1|CHIL|Y|Jacob Black
2|AGE|Y|5
1|CHIL|Y|Alyssa Black
2|AGE|Y|16
1|INCOME|Y|58300
0|FAM|Y|@F455@
1|WIFE|Y|Jennifer Walsh
1|CHIL|Y|June Battle
2|AGE|Y|24
1|CHIL|Y|Norman Battle
2|AGE|Y|18
1|CHIL|Y|Victoria Battle
2|AGE|Y|13
1|CHIL|Y|Martha Battle
2|AGE|Y|20
1|INCOME|Y|47200
0|FAM|Y|@F456@
1|WIFE|Y|Lucille Tatsch
1|CHIL|Y|Patricia Ericksen
2|AGE|Y|8
1|CHIL|Y|Lisa Ericksen
2|AGE|Y|4
1|CHIL|Y|Dorothy Ericksen
2|AGE|Y|9
1|CHIL|Y|Jose Ericksen
2|AGE|Y|6
1|CHIL|Y|Claudia Ericksen
2|AGE|Y|10
1|INCOME|Y|20600
0|FAM|Y|@F457@
1|WIFE|Y|Renee Kaiser
1|CHIL|Y|Cathy Redman
2|AGE|Y|8
1|CHIL|Y|Blake Redman
2|AGE|Y|19
1|CHIL|Y|Jamie Redman
2|AGE|Y|6
1|CHIL|Y|Eileen Redman
2|AGE|Y|16
1|INCOME|Y|42300
0|FAM|Y|@F458@
1|WIFE|Y|Erin Dean
1|CHIL|Y|Mary Anderson
2|AGE|Y|1
1|INCOME|Y|57100
0|FAM|Y|@F459@
1|WIFE|Y|Brenda Grove
1|CHIL|Y|Joyce Wimmer
2|AGE|Y|2
1|CHIL|Y|Heather Wimmer
2|AGE|Y|13
1|INCOME|Y|61400
0|FAM|Y|@F460@
1|WIFE|Y|Mari Billingsley
1|CHIL|Y|Terrence Torres
2|AGE|Y|14
1|INCOME|Y|21600
0|FAM|Y|@F461@
1|WIFE|Y|Theresa Coulter
1|CHIL|Y|Denise Runkle
2|AGE|Y|14
1|CHIL|Y|Ashley Runkle
2|AGE|Y|1
1|CHIL|Y|William Runkle
2|AGE|Y|15
1|CHIL|Y|Brant Runkle
2|AGE|Y|5
1|CHIL|Y|Miguel Runkle
2|AGE|Y|9
1|INCOME|Y|39600
0|FAM|Y|@F462@
1|WIFE|Y|Vera Chadwick
1|CHIL|Y|Stephen Reed
2|AGE|Y|16
1|CHIL|Y|Harold Reed
2|AGE|Y|11
1|CHIL|Y|Joanne Reed
2|AGE|Y|7
1|INCOME|Y|43900
0|FAM|Y|@F463@
1|WIFE|Y|Christina Crum
1|CHIL|Y|Kathryn Young
2|AGE|Y|19
1|CHIL|Y|Richard Young
2|AGE|Y|14
1|CHIL|Y|Ernest Young
2|AGE|Y|11
1|CHIL|Y|Leo Young
2|AGE|Y|6
1|CHIL|Y|Jeff Young
2|AGE|Y|23
1|INCOME|Y|49500
0|FAM|Y|@F464@
1|WIFE|Y|Susan Braxton
1|CHIL|Y|Pedro Simmons
2|AGE|Y|23
1|CHIL|Y|Curtis Simmons
2|AGE|Y|17
1|CHIL|Y|Darlene Simmons
2|AGE|Y|25
1|INCOME|Y|32700
0|FAM|Y|@F465@
1|WIFE|Y|Francine Bolin
1|CHIL|Y|Melinda Amundsen
2|AGE|Y|17
1|CHIL|Y|Perry Amundsen
2|AGE|Y|13
1|INCOME|Y|48300
0|FAM|Y|@F466@
1|WIFE|Y|Amy Shelvey
1|CHIL|Y|Leona Bradley
2|AGE|Y|13
1|CHIL|Y|Charles Bradley
2|AGE|Y|18
1|CHIL|Y|Gayle Bradley
2|AGE|Y|9
1|CHIL|Y|Yvonne Bradley
2|AGE|Y|7
1|INCOME|Y|30000
0|FAM|Y|@F467@
1|WIFE|Y|Mary Bernier
1|CHIL|Y|Scott Chu
2|AGE|Y|3
1|CHIL|Y|Joann Chu
2|AGE|Y|2
1|CHIL|Y|Aracely Chu
2|AGE|Y|22
1|CHIL|Y|Vincent Chu
2|AGE|Y|9
1|INCOME|Y|40500
0|FAM|Y|@F468@
1|WIFE|Y|Jerilyn Moore
1|CHIL|Y|Tyler Dake
2|AGE|Y|4
1|CHIL|Y|Alison Dake
2|AGE|Y|18
1|CHIL|Y|Norman Dake
2|AGE|Y|11
1|INCOME|Y|24200
0|FAM|Y|@F469@
1|WIFE|Y|Wanda Jones
1|CHIL|Y|Brandi Kazmierczak
2|AGE|Y|12
1|CHIL|Y|John Kazmierczak
2|AGE|Y|16
1|CHIL|Y|Christine Kazmierczak
2|AGE|Y|2
1|CHIL|Y|Joan Kazmierczak
2|AGE|Y|18
1|CHIL|Y|John Kazmierczak
2|AGE|Y|7
1|INCOME|Y|54000
0|FAM|Y|@F470@
1|WIFE|Y|Maria Huskey
1|CHIL|Y|Nathaniel Hinton
2|AGE|Y|2
1|CHIL|Y|Kristina Hinton
2|AGE|Y|13
1|INCOME|Y|36700
0|FAM|Y|@F471@
1|WIFE|Y|Lisa Cardoso
1|CHIL|Y|Maria Alberson
2|AGE|Y|19
1|CHIL|Y|Amanda Alberson
2|AGE|Y|8
1|INCOME|Y|61600
0|FAM|Y|@F472@
1|WIFE|Y|Jessica Elliott
1|CHIL|Y|Georgia Witkowski
2|AGE|Y|5
1|INCOME|Y|41900
0|FAM|Y|@F473@
1|WIFE|Y|Joyce Wise
1|CHIL|Y|Son Imhof
2|AGE|Y|15
1|CHIL|Y|Jimmie Imhof
2|AGE|Y|18
1|CHIL|Y|Charles Imhof
2|AGE|Y|24
1|INCOME|Y|25800
0|FAM|Y|@F474@
1|WIFE|Y|Elise Albertson
1|CHIL|Y|Juli Romanowski
2|AGE|Y|16
1|INCOME|Y|23600
0|FAM|Y|@F475@
1|WIFE|Y|Jennifer Long
1|CHIL|Y|Rose Larson
2|AGE|Y|23
1|CHIL|Y|Margaret Larson
2|AGE|Y|24
1|CHIL|Y|Derek Larson
2|AGE|Y|22
1|CHIL|Y|Nathan Larson
2|AGE|Y|1
1|INCOME|Y|26300
0|FAM|Y|@F476@
1|WIFE|Y|Darlene Beardsley
1|CHIL|Y|Charles Bill
2|AGE|Y|7
1|INCOME|Y|52700
0|FAM|Y|@F477@
1|WIFE|Y|Santa Napier
1|CHIL|Y|Lauren Stevens
2|AGE|Y|19
1|INCOME|Y|65900
0|FAM|Y|@F478@
1|WIFE|Y|Cheryl Wells
1|CHIL|Y|Janice Chapman
2|AGE|Y|22
1|CHIL|Y|Roger Chapman
2|AGE|Y|23
1|INCOME|Y|67200
0|FAM|Y|@F479@
1|WIFE|Y|Ursula Hernandez
1|CHIL|Y|Albert Thornton
2|AGE|Y|21
1|CHIL|Y|Roberto Thornton
2|AGE|Y|5
1|CHIL|Y|Anita Thornton
2|AGE|Y|4
1|CHIL|Y|Jana Thornton
2|AGE|Y|10
1|INCOME|Y|51000
0|FAM|Y|@F480@
1|WIFE|Y|Megan Francis
1|CHIL|Y|Robert Munoz
2|AGE|Y|15
1|CHIL|Y|Roland Munoz
2|AGE|Y|12
1|CHIL|Y|Nick Munoz
2|AGE|Y|21
1|CHIL|Y|Marisa Munoz
2|AGE|Y|8
1|CHIL|Y|Lynne Munoz
2|AGE|Y|2
1|INCOME|Y|57600
0|FAM|Y|@F481@
1|WIFE|Y|Michelle Savage
1|CHIL|Y|Iluminada Cianfrini
2|AGE|Y|21
1|CHIL|Y|Daniel Cianfrini
2|AGE|Y|4
1|CHIL|Y|Del Cianfrini
2|AGE|Y|25
1|CHIL|Y|Leroy Cianfrini
2|AGE|Y|9
1|INCOME|Y|53200
0|FAM|Y|@F482@
1|WIFE|Y|Marylin Jones
1|CHIL|Y|Steven Heidler
2|AGE|Y|4
1|CHIL|Y|Lisa Heidler
2|AGE|Y|9
1|INCOME|Y|30400
0|FAM|Y|@F483@
1|WIFE|Y|Elaine Romanik
1|CHIL|Y|Robert Johnson
2|AGE|Y|8
1|CHIL|Y|Bruce Johnson
2|AGE|Y|20
1|CHIL|Y|Natalie Johnson
2|AGE|Y|22
1|CHIL|Y|Armand Johnson
2|AGE|Y|8
1|CHIL|Y|Robert Johnson
2|AGE|Y|7
1|INCOME|Y|54000
0|FAM|Y|@F484@
1|WIFE|Y|Eva Robinson
1|CHIL|Y|John Anderson
2|AGE|Y|20
1|CHIL|Y|Diane Anderson
2|AGE|Y|15
1|INCOME|Y|40300
0|FAM|Y|@F485@
1|WIFE|Y|Dixie Waugh
1|CHIL|Y|Lidia Akins
2|AGE|Y|19
1|INCOME|Y|31400
0|FAM|Y|@F486@
1|WIFE|Y|Kayla Place
1|CHIL|Y|Richard Illiano
2|AGE|Y|14
1|CHIL|Y|Robert Illiano
2|AGE|Y|24
1|CHIL|Y|Kayla Illiano
2|AGE|Y|5
1|CHIL|Y|Rick Illiano
2|AGE|Y|20
1|CHIL|Y|Mary Illiano
2|AGE|Y|19
1|INCOME|Y|65700
0|FAM|Y|@F487@
1|WIFE|Y|Elsie Burke
1|CHIL|Y|Louise Dick
2|AGE|Y|3
1|INCOME|Y|21400
0|FAM|Y|@F488@
1|WIFE|Y|Patricia Fincham
1|CHIL|Y|Vernon Schaffer
2|AGE|Y|11
1|CHIL|Y|Paul Schaffer
2|AGE|Y|14
1|CHIL|Y|Garry Schaffer
2|AGE|Y|5
1|INCOME|Y|32700
0|FAM|Y|@F489@
1|WIFE|Y|Theresia Daniels
1|CHIL|Y|April Acosta
2|AGE|Y|21
1|CHIL|Y|Phyllis Acosta
2|AGE|Y|3
1|INCOME|Y|64800
0|FAM|Y|@F490@
1|WIFE|Y|Alice Grigsby
1|CHIL|Y|Alexis Woodbury
2|AGE|Y|1
1|CHIL|Y|Bonnie Woodbury
2|AGE|Y|24
1|CHIL|Y|Winifred Woodbury
2|AGE|Y|6
1|CHIL|Y|Margaret Woodbury
2|AGE|Y|6
1|INCOME|Y|48500
0|FAM|Y|@F491@
1|WIFE|Y|Erin Loring
1|CHIL|Y|Joanna Scott
2|AGE|Y|3
1|INCOME|Y|59100
0|FAM|Y|@F492@
1|WIFE|Y|Christine Lee
1|CHIL|Y|Norine Browning
2|AGE|Y|7
1|CHIL|Y|Robert Browning
2|AGE|Y|4
1|CHIL|Y|Amy Browning
2|AGE|Y|17
1|CHIL|Y|Charles Browning
2|AGE|Y|10
1|CHIL|Y|Ryan Browning
2|AGE|Y|23
1|INCOME|Y|65300
0|FAM|Y|@F493@
1|WIFE|Y|Alicia Wilbur
1|CHIL|Y|Jeff Bean
2|AGE|Y|3
1|CHIL|Y|Karen Bean
2|AGE|Y|14
1|CHIL|Y|Denise Bean
2|AGE|Y|14
1|INCOME|Y|39300
0|FAM|Y|@F494@
1|WIFE|Y|Katherine Warner
1|CHIL|Y|Mindy Brehaut
2|AGE|Y|5
1|CHIL|Y|Andy Brehaut
2|AGE|Y|15
1|CHIL|Y|Brent Brehaut
2|AGE|Y|2
1|CHIL|Y|Vincent Brehaut
2|AGE|Y|21
1|INCOME|Y|20200
0|FAM|Y|@F495@
1|WIFE|Y|Judith Nelson
1|CHIL|Y|Louella Hymel
2|AGE|Y|4
1|CHIL|Y|Felix Hymel
2|AGE|Y|22
1|CHIL|Y|Cory Hymel
2|AGE|Y|23
1|INCOME|Y|46800
0|FAM|Y|@F496@
1|WIFE|Y|Joyce Nerbonne
1|CHIL|Y|Don Hardman
2|AGE|Y|10
1|CHIL|Y|Howard Hardman
2|AGE|Y|12
1|CHIL|Y|Russell Hardman
2|AGE|Y|20
1|CHIL|Y|Misty Hardman
2|AGE|Y|25
1|INCOME|Y|31700
0|FAM|Y|@F497@
1|WIFE|Y|Karen Wilson
1|CHIL|Y|Edwin Durbin
2|AGE|Y|8
1|INCOME|Y|32500
0|FAM|Y|@F498@
1|WIFE|Y|Rosetta Brown
1|CHIL|Y|Lorna Sharpe
2|AGE|Y|20
1|CHIL|Y|Chris Sharpe
2|AGE|Y|16
1|CHIL|Y|Sue Sharpe
2|AGE|Y|13
1|INCOME|Y|55000
0|FAM|Y|@F499@
1|WIFE|Y|Sophie Pidgeon
1|CHIL|Y|Melanie Swanson
2|AGE|Y|11
1|INCOME|Y|39600
0|FAM|Y|@F500@
1|WIFE|Y|Lynne Rosenbaum
1|CHIL|Y|Amanda Mojica
2|AGE|Y|22
1|CHIL|Y|Deborah Mojica
2|AGE|Y|18
1|CHIL|Y|Juan Mojica
2|AGE|Y|2
1|INCOME|Y|51000
